#
# There is insufficient memory for the Java Runtime Environment to continue.
# Native memory allocation (mmap) failed to map 135266304 bytes for committing reserved memory.
# Possible reasons:
#   The system is out of physical RAM or swap space
#   In 32 bit mode, the process size limit was hit
# Possible solutions:
#   Reduce memory load on the system
#   Increase physical memory or swap space
#   Check if swap backing store is full
#   Use 64 bit Java on a 64 bit OS
#   Decrease Java heap size (-Xmx/-Xms)
#   Decrease number of Java threads
#   Decrease Java thread stack sizes (-Xss)
#   Set larger code cache with -XX:ReservedCodeCacheSize=
# This output file may be truncated or incomplete.
#
#  Out of Memory Error (os_linux.cpp:2671), pid=51756, tid=140031307155200
#
# JRE version: Java(TM) SE Runtime Environment (8.0_31-b13) (build 1.8.0_31-b13)
# Java VM: Java HotSpot(TM) 64-Bit Server VM (25.31-b07 mixed mode linux-amd64 compressed oops)
# Failed to write core dump. Core dumps have been disabled. To enable core dumping, try "ulimit -c unlimited" before starting Java again
#

---------------  T H R E A D  ---------------

Current thread (0x00007f5ba4073000):  VMThread [stack: 0x00007f5b94420000,0x00007f5b94521000] [id=51765]

Stack: [0x00007f5b94420000,0x00007f5b94521000],  sp=0x00007f5b9451eff0,  free space=1019k
Native frames: (J=compiled Java code, j=interpreted, Vv=VM code, C=native code)
V  [libjvm.so+0xa79e0a]  VMError::report_and_die()+0x2ca
V  [libjvm.so+0x4e57bb]  report_vm_out_of_memory(char const*, int, unsigned long, VMErrorType, char const*)+0x8b
V  [libjvm.so+0x8e5a23]  os::Linux::commit_memory_impl(char*, unsigned long, bool)+0x103
V  [libjvm.so+0x8e5f79]  os::pd_commit_memory(char*, unsigned long, unsigned long, bool)+0x29
V  [libjvm.so+0x8dfc4a]  os::commit_memory(char*, unsigned long, unsigned long, bool)+0x2a
V  [libjvm.so+0x9502f3]  PSVirtualSpace::expand_by(unsigned long)+0x53
V  [libjvm.so+0x9516f8]  PSYoungGen::resize_generation(unsigned long, unsigned long)+0xf8
V  [libjvm.so+0x950852]  PSYoungGen::resize(unsigned long, unsigned long)+0x22
V  [libjvm.so+0x94db33]  PSScavenge::invoke_no_policy()+0xf53
V  [libjvm.so+0x94e2b1]  PSScavenge::invoke()+0x41
V  [libjvm.so+0x907f90]  ParallelScavengeHeap::failed_mem_allocate(unsigned long)+0x70
V  [libjvm.so+0xa7b487]  VM_ParallelGCFailedAllocation::doit()+0x97
V  [libjvm.so+0xa82ba5]  VM_Operation::evaluate()+0x55
V  [libjvm.so+0xa80f7a]  VMThread::evaluate_operation(VM_Operation*)+0xba
V  [libjvm.so+0xa812fe]  VMThread::loop()+0x1ce
V  [libjvm.so+0xa81770]  VMThread::run()+0x70
V  [libjvm.so+0x8e8158]  java_start(Thread*)+0x108

VM_Operation (0x00007f5bac34a060): ParallelGCFailedAllocation, mode: safepoint, requested by thread 0x00007f5ba400c000


---------------  P R O C E S S  ---------------

Java Threads: ( => current thread )
  0x00007f5ba40b1000 JavaThread "Service Thread" daemon [_thread_blocked, id=51771, stack(0x00007f5b8d13e000,0x00007f5b8d23f000)]
  0x00007f5ba40ac800 JavaThread "C1 CompilerThread1" daemon [_thread_blocked, id=51770, stack(0x00007f5b8d23f000,0x00007f5b8d340000)]
  0x00007f5ba40a9800 JavaThread "C2 CompilerThread0" daemon [_thread_blocked, id=51769, stack(0x00007f5b9401c000,0x00007f5b9411d000)]
  0x00007f5ba40a7800 JavaThread "Signal Dispatcher" daemon [_thread_blocked, id=51768, stack(0x00007f5b9411d000,0x00007f5b9421e000)]
  0x00007f5ba407a000 JavaThread "Finalizer" daemon [_thread_blocked, id=51767, stack(0x00007f5b9421e000,0x00007f5b9431f000)]
  0x00007f5ba4078000 JavaThread "Reference Handler" daemon [_thread_blocked, id=51766, stack(0x00007f5b9431f000,0x00007f5b94420000)]
  0x00007f5ba400c000 JavaThread "main" [_thread_blocked, id=51762, stack(0x00007f5bac24b000,0x00007f5bac34c000)]

Other Threads:
=>0x00007f5ba4073000 VMThread [stack: 0x00007f5b94420000,0x00007f5b94521000] [id=51765]
  0x00007f5ba40b6000 WatcherThread [stack: 0x00007f5b8d03d000,0x00007f5b8d13e000] [id=51772]

VM state:at safepoint (normal execution)

VM Mutex/Monitor currently owned by a thread:  ([mutex/lock_event])
[0x00007f5ba4007ff0] Threads_lock - owner thread: 0x00007f5ba4073000
[0x00007f5ba40084f0] Heap_lock - owner thread: 0x00007f5ba400c000

Heap:
 PSYoungGen      total 139264K, used 12284K [0x00000000eab00000, 0x00000000f3f00000, 0x0000000100000000)
  eden space 126976K, 0% used [0x00000000eab00000,0x00000000eab00000,0x00000000f2700000)
  from space 12288K, 99% used [0x00000000f2700000,0x00000000f32ff090,0x00000000f3300000)
  to   space 12288K, 0% used [0x00000000f3300000,0x00000000f3300000,0x00000000f3f00000)
 ParOldGen       total 42496K, used 25575K [0x00000000c0000000, 0x00000000c2980000, 0x00000000eab00000)
  object space 42496K, 60% used [0x00000000c0000000,0x00000000c18f9fb8,0x00000000c2980000)
 Metaspace       used 7670K, capacity 8190K, committed 8448K, reserved 1056768K
  class space    used 710K, capacity 753K, committed 768K, reserved 1048576K

Card table byte_map: [0x00007f5ba8e65000,0x00007f5ba9066000] byte_map_base: 0x00007f5ba8865000

Marking Bits: (ParMarkBitMap*) 0x00007f5bab7212a0
 Begin Bits: [0x00007f5b8e000000, 0x00007f5b8f000000)
 End Bits:   [0x00007f5b8f000000, 0x00007f5b90000000)

Polling page: 0x00007f5bac367000

CodeCache: size=245760Kb used=9000Kb max_used=9000Kb free=236759Kb
 bounds [0x00007f5b95000000, 0x00007f5b958d0000, 0x00007f5ba4000000]
 total_blobs=2996 nmethods=2705 adapters=206
 compilation: enabled

Compilation events (10 events):
Event: 8.374 Thread 0x00007f5ba40ac800 2782 %     3       java.util.HashMap$TreeNode::treeify @ 4 (221 bytes)
Event: 8.380 Thread 0x00007f5ba40ac800 nmethod 2782% 0x00007f5b958c1c90 code [0x00007f5b958c1ea0, 0x00007f5b958c2a88]
Event: 8.380 Thread 0x00007f5ba40ac800 2783       3       java.util.TimSort::binarySort (223 bytes)
Event: 8.384 Thread 0x00007f5ba40ac800 nmethod 2783 0x00007f5b958c2f10 code [0x00007f5b958c3100, 0x00007f5b958c3ad8]
Event: 8.384 Thread 0x00007f5ba40ac800 2781       3       java.util.ComparableTimSort::countRunAndMakeAscending (123 bytes)
Event: 8.385 Thread 0x00007f5ba40ac800 nmethod 2781 0x00007f5b958c3f50 code [0x00007f5b958c4180, 0x00007f5b958c4f28]
Event: 8.385 Thread 0x00007f5ba40ac800 2784       3       com.android.dx.io.instructions.InstructionCodec$34::encode (192 bytes)
Event: 8.391 Thread 0x00007f5ba40ac800 nmethod 2784 0x00007f5b958c5490 code [0x00007f5b958c5800, 0x00007f5b958c7fc8]
Event: 10.066 Thread 0x00007f5ba40ac800 2785 %     3       com.android.dx.merge.DexMerger::transformAnnotationDirectory @ 149 (239 bytes)
Event: 10.340 Thread 0x00007f5ba40ac800 nmethod 2785% 0x00007f5b958c9110 code [0x00007f5b958c9680, 0x00007f5b958cd968]

GC Heap History (10 events):
Event: 3.114 GC heap after
Heap after GC invocations=2 (full 0):
 PSYoungGen      total 34304K, used 2551K [0x00000000eab00000, 0x00000000ecf00000, 0x0000000100000000)
  eden space 31744K, 0% used [0x00000000eab00000,0x00000000eab00000,0x00000000eca00000)
  from space 2560K, 99% used [0x00000000ecc80000,0x00000000ecefdc98,0x00000000ecf00000)
  to   space 2560K, 0% used [0x00000000eca00000,0x00000000eca00000,0x00000000ecc80000)
 ParOldGen       total 42496K, used 4756K [0x00000000c0000000, 0x00000000c2980000, 0x00000000eab00000)
  object space 42496K, 11% used [0x00000000c0000000,0x00000000c04a5080,0x00000000c2980000)
 Metaspace       used 5653K, capacity 6960K, committed 7040K, reserved 1056768K
  class space    used 545K, capacity 616K, committed 640K, reserved 1048576K
}
Event: 4.698 GC heap before
{Heap before GC invocations=3 (full 0):
 PSYoungGen      total 34304K, used 34295K [0x00000000eab00000, 0x00000000ecf00000, 0x0000000100000000)
  eden space 31744K, 100% used [0x00000000eab00000,0x00000000eca00000,0x00000000eca00000)
  from space 2560K, 99% used [0x00000000ecc80000,0x00000000ecefdc98,0x00000000ecf00000)
  to   space 2560K, 0% used [0x00000000eca00000,0x00000000eca00000,0x00000000ecc80000)
 ParOldGen       total 42496K, used 4756K [0x00000000c0000000, 0x00000000c2980000, 0x00000000eab00000)
  object space 42496K, 11% used [0x00000000c0000000,0x00000000c04a5080,0x00000000c2980000)
 Metaspace       used 5798K, capacity 7088K, committed 7296K, reserved 1056768K
  class space    used 546K, capacity 616K, committed 640K, reserved 1048576K
Event: 4.780 GC heap after
Heap after GC invocations=3 (full 0):
 PSYoungGen      total 34304K, used 2560K [0x00000000eab00000, 0x00000000eee00000, 0x0000000100000000)
  eden space 31744K, 0% used [0x00000000eab00000,0x00000000eab00000,0x00000000eca00000)
  from space 2560K, 100% used [0x00000000eca00000,0x00000000ecc80000,0x00000000ecc80000)
  to   space 2560K, 0% used [0x00000000eeb80000,0x00000000eeb80000,0x00000000eee00000)
 ParOldGen       total 42496K, used 10466K [0x00000000c0000000, 0x00000000c2980000, 0x00000000eab00000)
  object space 42496K, 24% used [0x00000000c0000000,0x00000000c0a38bf8,0x00000000c2980000)
 Metaspace       used 5798K, capacity 7088K, committed 7296K, reserved 1056768K
  class space    used 546K, capacity 616K, committed 640K, reserved 1048576K
}
Event: 5.348 GC heap before
{Heap before GC invocations=4 (full 0):
 PSYoungGen      total 34304K, used 34304K [0x00000000eab00000, 0x00000000eee00000, 0x0000000100000000)
  eden space 31744K, 100% used [0x00000000eab00000,0x00000000eca00000,0x00000000eca00000)
  from space 2560K, 100% used [0x00000000eca00000,0x00000000ecc80000,0x00000000ecc80000)
  to   space 2560K, 0% used [0x00000000eeb80000,0x00000000eeb80000,0x00000000eee00000)
 ParOldGen       total 42496K, used 10466K [0x00000000c0000000, 0x00000000c2980000, 0x00000000eab00000)
  object space 42496K, 24% used [0x00000000c0000000,0x00000000c0a38bf8,0x00000000c2980000)
 Metaspace       used 5868K, capacity 7088K, committed 7296K, reserved 1056768K
  class space    used 547K, capacity 616K, committed 640K, reserved 1048576K
Event: 5.415 GC heap after
Heap after GC invocations=4 (full 0):
 PSYoungGen      total 66048K, used 2560K [0x00000000eab00000, 0x00000000eee00000, 0x0000000100000000)
  eden space 63488K, 0% used [0x00000000eab00000,0x00000000eab00000,0x00000000ee900000)
  from space 2560K, 100% used [0x00000000eeb80000,0x00000000eee00000,0x00000000eee00000)
  to   space 2560K, 0% used [0x00000000ee900000,0x00000000ee900000,0x00000000eeb80000)
 ParOldGen       total 42496K, used 17290K [0x00000000c0000000, 0x00000000c2980000, 0x00000000eab00000)
  object space 42496K, 40% used [0x00000000c0000000,0x00000000c10e2b50,0x00000000c2980000)
 Metaspace       used 5868K, capacity 7088K, committed 7296K, reserved 1056768K
  class space    used 547K, capacity 616K, committed 640K, reserved 1048576K
}
Event: 6.979 GC heap before
{Heap before GC invocations=5 (full 0):
 PSYoungGen      total 66048K, used 66048K [0x00000000eab00000, 0x00000000eee00000, 0x0000000100000000)
  eden space 63488K, 100% used [0x00000000eab00000,0x00000000ee900000,0x00000000ee900000)
  from space 2560K, 100% used [0x00000000eeb80000,0x00000000eee00000,0x00000000eee00000)
  to   space 2560K, 0% used [0x00000000ee900000,0x00000000ee900000,0x00000000eeb80000)
 ParOldGen       total 42496K, used 17290K [0x00000000c0000000, 0x00000000c2980000, 0x00000000eab00000)
  object space 42496K, 40% used [0x00000000c0000000,0x00000000c10e2b50,0x00000000c2980000)
 Metaspace       used 7547K, capacity 8184K, committed 8448K, reserved 1056768K
  class space    used 701K, capacity 752K, committed 768K, reserved 1048576K
Event: 7.116 GC heap after
Heap after GC invocations=5 (full 0):
 PSYoungGen      total 66048K, used 2560K [0x00000000eab00000, 0x00000000f3f00000, 0x0000000100000000)
  eden space 63488K, 0% used [0x00000000eab00000,0x00000000eab00000,0x00000000ee900000)
  from space 2560K, 100% used [0x00000000ee900000,0x00000000eeb80000,0x00000000eeb80000)
  to   space 12288K, 0% used [0x00000000f3300000,0x00000000f3300000,0x00000000f3f00000)
 ParOldGen       total 42496K, used 24600K [0x00000000c0000000, 0x00000000c2980000, 0x00000000eab00000)
  object space 42496K, 57% used [0x00000000c0000000,0x00000000c1806138,0x00000000c2980000)
 Metaspace       used 7547K, capacity 8184K, committed 8448K, reserved 1056768K
  class space    used 701K, capacity 752K, committed 768K, reserved 1048576K
}
Event: 7.655 GC heap before
{Heap before GC invocations=6 (full 0):
 PSYoungGen      total 66048K, used 66048K [0x00000000eab00000, 0x00000000f3f00000, 0x0000000100000000)
  eden space 63488K, 100% used [0x00000000eab00000,0x00000000ee900000,0x00000000ee900000)
  from space 2560K, 100% used [0x00000000ee900000,0x00000000eeb80000,0x00000000eeb80000)
  to   space 12288K, 0% used [0x00000000f3300000,0x00000000f3300000,0x00000000f3f00000)
 ParOldGen       total 42496K, used 24600K [0x00000000c0000000, 0x00000000c2980000, 0x00000000eab00000)
  object space 42496K, 57% used [0x00000000c0000000,0x00000000c1806138,0x00000000c2980000)
 Metaspace       used 7576K, capacity 8184K, committed 8448K, reserved 1056768K
  class space    used 701K, capacity 752K, committed 768K, reserved 1048576K
Event: 7.680 GC heap after
Heap after GC invocations=6 (full 0):
 PSYoungGen      total 139264K, used 5416K [0x00000000eab00000, 0x00000000f3f00000, 0x0000000100000000)
  eden space 126976K, 0% used [0x00000000eab00000,0x00000000eab00000,0x00000000f2700000)
  from space 12288K, 44% used [0x00000000f3300000,0x00000000f384a070,0x00000000f3f00000)
  to   space 12288K, 0% used [0x00000000f2700000,0x00000000f2700000,0x00000000f3300000)
 ParOldGen       total 42496K, used 24608K [0x00000000c0000000, 0x00000000c2980000, 0x00000000eab00000)
  object space 42496K, 57% used [0x00000000c0000000,0x00000000c1808138,0x00000000c2980000)
 Metaspace       used 7576K, capacity 8184K, committed 8448K, reserved 1056768K
  class space    used 701K, capacity 752K, committed 768K, reserved 1048576K
}
Event: 12.873 GC heap before
{Heap before GC invocations=7 (full 0):
 PSYoungGen      total 139264K, used 132392K [0x00000000eab00000, 0x00000000f3f00000, 0x0000000100000000)
  eden space 126976K, 100% used [0x00000000eab00000,0x00000000f2700000,0x00000000f2700000)
  from space 12288K, 44% used [0x00000000f3300000,0x00000000f384a070,0x00000000f3f00000)
  to   space 12288K, 0% used [0x00000000f2700000,0x00000000f2700000,0x00000000f3300000)
 ParOldGen       total 42496K, used 24608K [0x00000000c0000000, 0x00000000c2980000, 0x00000000eab00000)
  object space 42496K, 57% used [0x00000000c0000000,0x00000000c1808138,0x00000000c2980000)
 Metaspace       used 7670K, capacity 8190K, committed 8448K, reserved 1056768K
  class space    used 710K, capacity 753K, committed 768K, reserved 1048576K

Deoptimization events (10 events):
Event: 5.906 Thread 0x00007f5ba400c000 Uncommon trap: reason=speculate_class_check action=maybe_recompile pc=0x00007f5b95407b08 method=com.android.dx.util.FixedSizeList.equals(Ljava/lang/Object;)Z @ 25
Event: 5.906 Thread 0x00007f5ba400c000 Uncommon trap: reason=class_check action=maybe_recompile pc=0x00007f5b953ad4b4 method=java.util.Arrays.equals([Ljava/lang/Object;[Ljava/lang/Object;)Z @ 62
Event: 6.300 Thread 0x00007f5ba400c000 Uncommon trap: reason=unreached action=reinterpret pc=0x00007f5b952f0b18 method=java.util.Arrays.copyOf([Ljava/lang/Object;ILjava/lang/Class;)[Ljava/lang/Object; @ 3
Event: 6.326 Thread 0x00007f5ba400c000 Uncommon trap: reason=class_check action=maybe_recompile pc=0x00007f5b956d5950 method=java.util.HashMap.putVal(ILjava/lang/Object;Ljava/lang/Object;ZZ)Ljava/lang/Object; @ 56
Event: 6.326 Thread 0x00007f5ba400c000 Uncommon trap: reason=class_check action=maybe_recompile pc=0x00007f5b956d5950 method=java.util.HashMap.putVal(ILjava/lang/Object;Ljava/lang/Object;ZZ)Ljava/lang/Object; @ 56
Event: 6.443 Thread 0x00007f5ba400c000 Uncommon trap: reason=unreached action=reinterpret pc=0x00007f5b957396ec method=java.util.HashMap.putVal(ILjava/lang/Object;Ljava/lang/Object;ZZ)Ljava/lang/Object; @ 109
Event: 6.443 Thread 0x00007f5ba400c000 Uncommon trap: reason=unreached action=reinterpret pc=0x00007f5b9573df20 method=java.util.HashMap.putVal(ILjava/lang/Object;Ljava/lang/Object;ZZ)Ljava/lang/Object; @ 109
Event: 6.484 Thread 0x00007f5ba400c000 Uncommon trap: reason=unreached action=reinterpret pc=0x00007f5b9569bbbc method=java.util.HashMap.getNode(ILjava/lang/Object;)Ljava/util/HashMap$Node; @ 84
Event: 6.484 Thread 0x00007f5ba400c000 Uncommon trap: reason=unreached action=reinterpret pc=0x00007f5b956a17c8 method=java.util.HashMap.getNode(ILjava/lang/Object;)Ljava/util/HashMap$Node; @ 84
Event: 6.831 Thread 0x00007f5ba400c000 Uncommon trap: reason=predicate action=maybe_recompile pc=0x00007f5b95853238 method=com.android.dex.Leb128.readUnsignedLeb128(Lcom/android/dex/util/ByteInput;)I @ 41

Internal exceptions (10 events):
Event: 6.477 Thread 0x00007f5ba400c000 Exception <a 'java/security/PrivilegedActionException'> (0x00000000ec543b50) thrown at [/HUDSON/workspace/8-2-build-linux-amd64/jdk8u31/2394/hotspot/src/share/vm/prims/jvm.cpp, line 1312]
Event: 6.477 Thread 0x00007f5ba400c000 Exception <a 'java/security/PrivilegedActionException'> (0x00000000ec546c40) thrown at [/HUDSON/workspace/8-2-build-linux-amd64/jdk8u31/2394/hotspot/src/share/vm/prims/jvm.cpp, line 1312]
Event: 6.477 Thread 0x00007f5ba400c000 Exception <a 'java/security/PrivilegedActionException'> (0x00000000ec54a018) thrown at [/HUDSON/workspace/8-2-build-linux-amd64/jdk8u31/2394/hotspot/src/share/vm/prims/jvm.cpp, line 1312]
Event: 6.478 Thread 0x00007f5ba400c000 Exception <a 'java/security/PrivilegedActionException'> (0x00000000ec54d540) thrown at [/HUDSON/workspace/8-2-build-linux-amd64/jdk8u31/2394/hotspot/src/share/vm/prims/jvm.cpp, line 1312]
Event: 6.479 Thread 0x00007f5ba400c000 Exception <a 'java/security/PrivilegedActionException'> (0x00000000ec5529e0) thrown at [/HUDSON/workspace/8-2-build-linux-amd64/jdk8u31/2394/hotspot/src/share/vm/prims/jvm.cpp, line 1312]
Event: 6.480 Thread 0x00007f5ba400c000 Exception <a 'java/security/PrivilegedActionException'> (0x00000000ec555918) thrown at [/HUDSON/workspace/8-2-build-linux-amd64/jdk8u31/2394/hotspot/src/share/vm/prims/jvm.cpp, line 1312]
Event: 6.480 Thread 0x00007f5ba400c000 Exception <a 'java/security/PrivilegedActionException'> (0x00000000ec558a10) thrown at [/HUDSON/workspace/8-2-build-linux-amd64/jdk8u31/2394/hotspot/src/share/vm/prims/jvm.cpp, line 1312]
Event: 6.480 Thread 0x00007f5ba400c000 Exception <a 'java/security/PrivilegedActionException'> (0x00000000ec55bf40) thrown at [/HUDSON/workspace/8-2-build-linux-amd64/jdk8u31/2394/hotspot/src/share/vm/prims/jvm.cpp, line 1312]
Event: 6.482 Thread 0x00007f5ba400c000 Exception <a 'java/security/PrivilegedActionException'> (0x00000000ec563168) thrown at [/HUDSON/workspace/8-2-build-linux-amd64/jdk8u31/2394/hotspot/src/share/vm/prims/jvm.cpp, line 1312]
Event: 6.482 Thread 0x00007f5ba400c000 Exception <a 'java/security/PrivilegedActionException'> (0x00000000ec5653c0) thrown at [/HUDSON/workspace/8-2-build-linux-amd64/jdk8u31/2394/hotspot/src/share/vm/prims/jvm.cpp, line 1312]

Events (10 events):
Event: 8.046 Thread 0x00007f5ba400c000 DEOPT UNPACKING pc=0x00007f5b95047373 sp=0x00007f5bac34a020 mode 0
Event: 8.326 Thread 0x00007f5ba400c000 DEOPT PACKING pc=0x00007f5b9563e944 sp=0x00007f5bac34a2b0
Event: 8.330 Thread 0x00007f5ba400c000 DEOPT UNPACKING pc=0x00007f5b95047373 sp=0x00007f5bac34a030 mode 0
Event: 8.356 Thread 0x00007f5ba400c000 DEOPT PACKING pc=0x00007f5b957d534f sp=0x00007f5bac34a2d0
Event: 8.356 Thread 0x00007f5ba400c000 DEOPT UNPACKING pc=0x00007f5b95047373 sp=0x00007f5bac34a018 mode 0
Event: 8.377 Thread 0x00007f5ba400c000 DEOPT PACKING pc=0x00007f5b9583a6c1 sp=0x00007f5bac34a110
Event: 8.377 Thread 0x00007f5ba400c000 DEOPT UNPACKING pc=0x00007f5b95047373 sp=0x00007f5bac349e60 mode 0
Event: 10.089 Thread 0x00007f5ba400c000 DEOPT PACKING pc=0x00007f5b957f0738 sp=0x00007f5bac34a2d0
Event: 10.098 Thread 0x00007f5ba400c000 DEOPT UNPACKING pc=0x00007f5b95047373 sp=0x00007f5bac34a020 mode 0
Event: 12.626 Executing VM operation: ParallelGCFailedAllocation


Dynamic libraries:
00400000-00401000 r-xp 00000000 08:01 153094                             /usr/lib/jvm/java-8-oracle/bin/java
00600000-00601000 rw-p 00000000 08:01 153094                             /usr/lib/jvm/java-8-oracle/bin/java
02421000-02442000 rw-p 00000000 00:00 0                                  [heap]
c0000000-c2980000 rw-p 00000000 00:00 0 
c2980000-eab00000 ---p 00000000 00:00 0 
eab00000-f3f00000 rw-p 00000000 00:00 0 
fc000000-100000000 ---p 00000000 00:00 0 
100000000-1000c0000 rw-p 00000000 00:00 0 
1000c0000-140000000 ---p 00000000 00:00 0 
7f5b68000000-7f5b68021000 rw-p 00000000 00:00 0 
7f5b68021000-7f5b6c000000 ---p 00000000 00:00 0 
7f5b6c000000-7f5b6c021000 rw-p 00000000 00:00 0 
7f5b6c021000-7f5b70000000 ---p 00000000 00:00 0 
7f5b70000000-7f5b711a0000 rw-p 00000000 00:00 0 
7f5b711a0000-7f5b74000000 ---p 00000000 00:00 0 
7f5b74000000-7f5b74905000 rw-p 00000000 00:00 0 
7f5b74905000-7f5b78000000 ---p 00000000 00:00 0 
7f5b78000000-7f5b78021000 rw-p 00000000 00:00 0 
7f5b78021000-7f5b7c000000 ---p 00000000 00:00 0 
7f5b7c000000-7f5b7c021000 rw-p 00000000 00:00 0 
7f5b7c021000-7f5b80000000 ---p 00000000 00:00 0 
7f5b80000000-7f5b8027c000 rw-p 00000000 00:00 0 
7f5b8027c000-7f5b84000000 ---p 00000000 00:00 0 
7f5b84000000-7f5b84021000 rw-p 00000000 00:00 0 
7f5b84021000-7f5b88000000 ---p 00000000 00:00 0 
7f5b88000000-7f5b88021000 rw-p 00000000 00:00 0 
7f5b88021000-7f5b8c000000 ---p 00000000 00:00 0 
7f5b8d03d000-7f5b8d03e000 ---p 00000000 00:00 0 
7f5b8d03e000-7f5b8d13e000 rw-p 00000000 00:00 0                          [stack:51772]
7f5b8d13e000-7f5b8d141000 ---p 00000000 00:00 0 
7f5b8d141000-7f5b8d23f000 rw-p 00000000 00:00 0                          [stack:51771]
7f5b8d23f000-7f5b8d242000 ---p 00000000 00:00 0 
7f5b8d242000-7f5b8d340000 rw-p 00000000 00:00 0                          [stack:51770]
7f5b8d340000-7f5b8e000000 r--p 00000000 08:01 659301                     /usr/lib/locale/locale-archive
7f5b8e000000-7f5b90000000 rw-p 00000000 00:00 0 
7f5b90000000-7f5b90021000 rw-p 00000000 00:00 0 
7f5b90021000-7f5b94000000 ---p 00000000 00:00 0 
7f5b9401c000-7f5b9401f000 ---p 00000000 00:00 0 
7f5b9401f000-7f5b9411d000 rw-p 00000000 00:00 0                          [stack:51769]
7f5b9411d000-7f5b94120000 ---p 00000000 00:00 0 
7f5b94120000-7f5b9421e000 rw-p 00000000 00:00 0                          [stack:51768]
7f5b9421e000-7f5b94221000 ---p 00000000 00:00 0 
7f5b94221000-7f5b9431f000 rw-p 00000000 00:00 0                          [stack:51767]
7f5b9431f000-7f5b94322000 ---p 00000000 00:00 0 
7f5b94322000-7f5b94420000 rw-p 00000000 00:00 0                          [stack:51766]
7f5b94420000-7f5b94421000 ---p 00000000 00:00 0 
7f5b94421000-7f5b94e2a000 rw-p 00000000 00:00 0                          [stack:51765]
7f5b94e2a000-7f5b95000000 r--s 03cae000 08:01 153415                     /usr/lib/jvm/java-8-oracle/jre/lib/rt.jar
7f5b95000000-7f5b958d0000 rwxp 00000000 00:00 0 
7f5b958d0000-7f5ba4000000 ---p 00000000 00:00 0 
7f5ba4000000-7f5ba43ae000 rw-p 00000000 00:00 0 
7f5ba43ae000-7f5ba8000000 ---p 00000000 00:00 0 
7f5ba8018000-7f5ba8027000 r--s 000dd000 08:01 939380                     /home/saul/Android/Sdk/build-tools/21.1.2/lib/dx.jar
7f5ba8027000-7f5ba888d000 rw-p 00000000 00:00 0 
7f5ba888d000-7f5ba890d000 ---p 00000000 00:00 0 
7f5ba890d000-7f5ba8b0d000 rw-p 00000000 00:00 0 
7f5ba8b0d000-7f5ba8b0e000 ---p 00000000 00:00 0 
7f5ba8b0e000-7f5ba8c0e000 rw-p 00000000 00:00 0                          [stack:51764]
7f5ba8c0e000-7f5ba8c0f000 ---p 00000000 00:00 0 
7f5ba8c0f000-7f5ba8d24000 rw-p 00000000 00:00 0                          [stack:51763]
7f5ba8d24000-7f5ba8e65000 ---p 00000000 00:00 0 
7f5ba8e65000-7f5ba8e7a000 rw-p 00000000 00:00 0 
7f5ba8e7a000-7f5ba8fba000 ---p 00000000 00:00 0 
7f5ba8fba000-7f5ba9005000 rw-p 00000000 00:00 0 
7f5ba9005000-7f5ba9065000 ---p 00000000 00:00 0 
7f5ba9065000-7f5ba908a000 rw-p 00000000 00:00 0 
7f5ba908a000-7f5ba9426000 ---p 00000000 00:00 0 
7f5ba9426000-7f5ba9440000 r-xp 00000000 08:01 153354                     /usr/lib/jvm/java-8-oracle/jre/lib/amd64/libzip.so
7f5ba9440000-7f5ba9640000 ---p 0001a000 08:01 153354                     /usr/lib/jvm/java-8-oracle/jre/lib/amd64/libzip.so
7f5ba9640000-7f5ba9641000 rw-p 0001a000 08:01 153354                     /usr/lib/jvm/java-8-oracle/jre/lib/amd64/libzip.so
7f5ba9641000-7f5ba964c000 r-xp 00000000 08:01 923607                     /lib/x86_64-linux-gnu/libnss_files-2.19.so
7f5ba964c000-7f5ba984b000 ---p 0000b000 08:01 923607                     /lib/x86_64-linux-gnu/libnss_files-2.19.so
7f5ba984b000-7f5ba984c000 r--p 0000a000 08:01 923607                     /lib/x86_64-linux-gnu/libnss_files-2.19.so
7f5ba984c000-7f5ba984d000 rw-p 0000b000 08:01 923607                     /lib/x86_64-linux-gnu/libnss_files-2.19.so
7f5ba984d000-7f5ba9858000 r-xp 00000000 08:01 923699                     /lib/x86_64-linux-gnu/libnss_nis-2.19.so
7f5ba9858000-7f5ba9a57000 ---p 0000b000 08:01 923699                     /lib/x86_64-linux-gnu/libnss_nis-2.19.so
7f5ba9a57000-7f5ba9a58000 r--p 0000a000 08:01 923699                     /lib/x86_64-linux-gnu/libnss_nis-2.19.so
7f5ba9a58000-7f5ba9a59000 rw-p 0000b000 08:01 923699                     /lib/x86_64-linux-gnu/libnss_nis-2.19.so
7f5ba9a59000-7f5ba9a70000 r-xp 00000000 08:01 923619                     /lib/x86_64-linux-gnu/libnsl-2.19.so
7f5ba9a70000-7f5ba9c6f000 ---p 00017000 08:01 923619                     /lib/x86_64-linux-gnu/libnsl-2.19.so
7f5ba9c6f000-7f5ba9c70000 r--p 00016000 08:01 923619                     /lib/x86_64-linux-gnu/libnsl-2.19.so
7f5ba9c70000-7f5ba9c71000 rw-p 00017000 08:01 923619                     /lib/x86_64-linux-gnu/libnsl-2.19.so
7f5ba9c71000-7f5ba9c73000 rw-p 00000000 00:00 0 
7f5ba9c73000-7f5ba9c7c000 r-xp 00000000 08:01 923618                     /lib/x86_64-linux-gnu/libnss_compat-2.19.so
7f5ba9c7c000-7f5ba9e7b000 ---p 00009000 08:01 923618                     /lib/x86_64-linux-gnu/libnss_compat-2.19.so
7f5ba9e7b000-7f5ba9e7c000 r--p 00008000 08:01 923618                     /lib/x86_64-linux-gnu/libnss_compat-2.19.so
7f5ba9e7c000-7f5ba9e7d000 rw-p 00009000 08:01 923618                     /lib/x86_64-linux-gnu/libnss_compat-2.19.so
7f5ba9e7d000-7f5ba9ea7000 r-xp 00000000 08:01 153339                     /usr/lib/jvm/java-8-oracle/jre/lib/amd64/libjava.so
7f5ba9ea7000-7f5baa0a7000 ---p 0002a000 08:01 153339                     /usr/lib/jvm/java-8-oracle/jre/lib/amd64/libjava.so
7f5baa0a7000-7f5baa0a9000 rw-p 0002a000 08:01 153339                     /usr/lib/jvm/java-8-oracle/jre/lib/amd64/libjava.so
7f5baa0a9000-7f5baa0b6000 r-xp 00000000 08:01 153352                     /usr/lib/jvm/java-8-oracle/jre/lib/amd64/libverify.so
7f5baa0b6000-7f5baa2b6000 ---p 0000d000 08:01 153352                     /usr/lib/jvm/java-8-oracle/jre/lib/amd64/libverify.so
7f5baa2b6000-7f5baa2b8000 rw-p 0000d000 08:01 153352                     /usr/lib/jvm/java-8-oracle/jre/lib/amd64/libverify.so
7f5baa2b8000-7f5baa2bf000 r-xp 00000000 08:01 923673                     /lib/x86_64-linux-gnu/librt-2.19.so
7f5baa2bf000-7f5baa4be000 ---p 00007000 08:01 923673                     /lib/x86_64-linux-gnu/librt-2.19.so
7f5baa4be000-7f5baa4bf000 r--p 00006000 08:01 923673                     /lib/x86_64-linux-gnu/librt-2.19.so
7f5baa4bf000-7f5baa4c0000 rw-p 00007000 08:01 923673                     /lib/x86_64-linux-gnu/librt-2.19.so
7f5baa4c0000-7f5baa5c5000 r-xp 00000000 08:01 923604                     /lib/x86_64-linux-gnu/libm-2.19.so
7f5baa5c5000-7f5baa7c4000 ---p 00105000 08:01 923604                     /lib/x86_64-linux-gnu/libm-2.19.so
7f5baa7c4000-7f5baa7c5000 r--p 00104000 08:01 923604                     /lib/x86_64-linux-gnu/libm-2.19.so
7f5baa7c5000-7f5baa7c6000 rw-p 00105000 08:01 923604                     /lib/x86_64-linux-gnu/libm-2.19.so
7f5baa7c6000-7f5bab434000 r-xp 00000000 08:01 153344                     /usr/lib/jvm/java-8-oracle/jre/lib/amd64/server/libjvm.so
7f5bab434000-7f5bab633000 ---p 00c6e000 08:01 153344                     /usr/lib/jvm/java-8-oracle/jre/lib/amd64/server/libjvm.so
7f5bab633000-7f5bab709000 rw-p 00c6d000 08:01 153344                     /usr/lib/jvm/java-8-oracle/jre/lib/amd64/server/libjvm.so
7f5bab709000-7f5bab74c000 rw-p 00000000 00:00 0 
7f5bab74c000-7f5bab907000 r-xp 00000000 08:01 923669                     /lib/x86_64-linux-gnu/libc-2.19.so
7f5bab907000-7f5babb06000 ---p 001bb000 08:01 923669                     /lib/x86_64-linux-gnu/libc-2.19.so
7f5babb06000-7f5babb0a000 r--p 001ba000 08:01 923669                     /lib/x86_64-linux-gnu/libc-2.19.so
7f5babb0a000-7f5babb0c000 rw-p 001be000 08:01 923669                     /lib/x86_64-linux-gnu/libc-2.19.so
7f5babb0c000-7f5babb11000 rw-p 00000000 00:00 0 
7f5babb11000-7f5babb14000 r-xp 00000000 08:01 923610                     /lib/x86_64-linux-gnu/libdl-2.19.so
7f5babb14000-7f5babd13000 ---p 00003000 08:01 923610                     /lib/x86_64-linux-gnu/libdl-2.19.so
7f5babd13000-7f5babd14000 r--p 00002000 08:01 923610                     /lib/x86_64-linux-gnu/libdl-2.19.so
7f5babd14000-7f5babd15000 rw-p 00003000 08:01 923610                     /lib/x86_64-linux-gnu/libdl-2.19.so
7f5babd15000-7f5babd2a000 r-xp 00000000 08:01 153007                     /usr/lib/jvm/java-8-oracle/lib/amd64/jli/libjli.so
7f5babd2a000-7f5babf29000 ---p 00015000 08:01 153007                     /usr/lib/jvm/java-8-oracle/lib/amd64/jli/libjli.so
7f5babf29000-7f5babf2a000 rw-p 00014000 08:01 153007                     /usr/lib/jvm/java-8-oracle/lib/amd64/jli/libjli.so
7f5babf2a000-7f5babf43000 r-xp 00000000 08:01 923670                     /lib/x86_64-linux-gnu/libpthread-2.19.so
7f5babf43000-7f5bac142000 ---p 00019000 08:01 923670                     /lib/x86_64-linux-gnu/libpthread-2.19.so
7f5bac142000-7f5bac143000 r--p 00018000 08:01 923670                     /lib/x86_64-linux-gnu/libpthread-2.19.so
7f5bac143000-7f5bac144000 rw-p 00019000 08:01 923670                     /lib/x86_64-linux-gnu/libpthread-2.19.so
7f5bac144000-7f5bac148000 rw-p 00000000 00:00 0 
7f5bac148000-7f5bac16b000 r-xp 00000000 08:01 923629                     /lib/x86_64-linux-gnu/ld-2.19.so
7f5bac172000-7f5bac24b000 rw-p 00000000 00:00 0 
7f5bac24b000-7f5bac24e000 ---p 00000000 00:00 0 
7f5bac24e000-7f5bac350000 rw-p 00000000 00:00 0                          [stack:51762]
7f5bac359000-7f5bac35a000 rw-p 00000000 00:00 0 
7f5bac35a000-7f5bac35e000 r--s 00094000 08:01 153269                     /usr/lib/jvm/java-8-oracle/jre/lib/jsse.jar
7f5bac35e000-7f5bac366000 rw-s 00000000 08:01 148353                     /tmp/hsperfdata_saul/51756
7f5bac366000-7f5bac367000 rw-p 00000000 00:00 0 
7f5bac367000-7f5bac368000 ---p 00000000 00:00 0 
7f5bac368000-7f5bac36a000 rw-p 00000000 00:00 0 
7f5bac36a000-7f5bac36b000 r--p 00022000 08:01 923629                     /lib/x86_64-linux-gnu/ld-2.19.so
7f5bac36b000-7f5bac36c000 rw-p 00023000 08:01 923629                     /lib/x86_64-linux-gnu/ld-2.19.so
7f5bac36c000-7f5bac36d000 rw-p 00000000 00:00 0 
7fff6b8ae000-7fff6b8d0000 rw-p 00000000 00:00 0                          [stack]
7fff6b9a5000-7fff6b9a7000 r-xp 00000000 00:00 0                          [vdso]
ffffffffff600000-ffffffffff601000 r-xp 00000000 00:00 0                  [vsyscall]

VM Arguments:
jvm_args: -Xmx1024M -Dfile.encoding=UTF-8 -Duser.country=US -Duser.language=en -Duser.variant 
java_command: com.android.dx.command.Main --dex --output /home/saul/AndroidApps/appleyes-mobile/app/build/intermediates/dex/debug /home/saul/AndroidApps/appleyes-mobile/app/build/intermediates/classes/debug /home/saul/AndroidApps/appleyes-mobile/app/build/intermediates/pre-dexed/debug/support-annotations-22.2.0-93266946df374e0259491614fe1d9465a7d117c9.jar /home/saul/AndroidApps/appleyes-mobile/app/build/intermediates/pre-dexed/debug/classes-cc70af605a4dd8dcc66feff7f10bf7d557d99cba.jar /home/saul/AndroidApps/appleyes-mobile/app/build/intermediates/pre-dexed/debug/classes-187603be98b827b0fae08bcf4c235ff1ce4bddeb.jar /home/saul/AndroidApps/appleyes-mobile/app/build/intermediates/pre-dexed/debug/internal_impl-22.2.0-29420a4a84c7644f0a51eb49573423ba4f93812c.jar /home/saul/AndroidApps/appleyes-mobile/app/build/intermediates/pre-dexed/debug/classes-8ade09733a733b8419bd0c52e30828b4be1abbb9.jar /home/saul/AndroidApps/appleyes-mobile/app/build/intermediates/pre-dexed/debug/classes-884542f46a1a199c4c6ee1578c291dbe75921432.jar /home/saul/AndroidApps/appleyes-mobile/app/build/intermediates/pre-dexed/debug/classes-b50e1b6cd80fd3f756fdccd044e7d6482061883c.jar /home/saul/AndroidApps/appleyes-mobile/app/build/intermediates/pre-dexed/debug/classes-459891e242a0c8f601e0f02b065b1a4abef1f592.jar /home/saul/AndroidApps/appleyes-mobile/app/build/intermediates/pre-dexed/debug/classes-6e4a8bc3b69587e9717fb60b575403d500ca72af.jar /home/saul/AndroidApps/appleyes-mobile/app/build/intermediates/pre-dexed/debug/classes-4871a5198c1f942e70f57bc8d4343da39dab8ac5.jar /home/saul/AndroidApps/appleyes-mobile/app/build/intermediates/pre-dexed/debug/classes-2e7719d89cd4e6228b6dea953681a834bcfb344b.jar /home/saul/AndroidApps/appleyes-mobile/app/build/intermediates/pre-dexed/debug/greendao-1.3.7-475080cdd74ae56963b39323ff6e327c199a706f.jar /home/saul/AndroidApps/appleyes-mobile/app/build/intermediates/pre-dexed/debug/classes-d4d4c669b247cacf86d169c607b1e840add61d91.jar /home/saul/AndroidApps/appleyes-mobi
java_class_path (initial): /home/saul/Android/Sdk/build-tools/21.1.2/lib/dx.jar
Launcher Type: SUN_STANDARD

Environment Variables:
JAVA_HOME=/usr/lib/jvm/java-8-oracle/
PATH=/home/saul/.rvm/gems/ruby-2.2.1/bin:/home/saul/.rvm/gems/ruby-2.2.1@global/bin:/home/saul/.rvm/rubies/ruby-2.2.1/bin:/usr/local/sbin:/usr/local/bin:/usr/sbin:/usr/bin:/sbin:/bin:/usr/games:/usr/local/games:/opt/scala/bin:/home/saul/.rvm/bin
LD_LIBRARY_PATH=/opt/android-studio/bin:
SHELL=/bin/bash
DISPLAY=:0

Signal Handlers:
SIGSEGV: [libjvm.so+0xa7a650], sa_mask[0]=11111111011111111101111111111110, sa_flags=SA_RESTART|SA_SIGINFO
SIGBUS: [libjvm.so+0xa7a650], sa_mask[0]=11111111011111111101111111111110, sa_flags=SA_RESTART|SA_SIGINFO
SIGFPE: [libjvm.so+0x8e28f0], sa_mask[0]=11111111011111111101111111111110, sa_flags=SA_RESTART|SA_SIGINFO
SIGPIPE: [libjvm.so+0x8e28f0], sa_mask[0]=11111111011111111101111111111110, sa_flags=SA_RESTART|SA_SIGINFO
SIGXFSZ: [libjvm.so+0x8e28f0], sa_mask[0]=11111111011111111101111111111110, sa_flags=SA_RESTART|SA_SIGINFO
SIGILL: [libjvm.so+0x8e28f0], sa_mask[0]=11111111011111111101111111111110, sa_flags=SA_RESTART|SA_SIGINFO
SIGUSR1: SIG_DFL, sa_mask[0]=00000000000000000000000000000000, sa_flags=none
SIGUSR2: [libjvm.so+0x8e4120], sa_mask[0]=00100000000000000000000000000000, sa_flags=SA_RESTART|SA_SIGINFO
SIGHUP: [libjvm.so+0x8e54e0], sa_mask[0]=11111111011111111101111111111110, sa_flags=SA_RESTART|SA_SIGINFO
SIGINT: [libjvm.so+0x8e54e0], sa_mask[0]=11111111011111111101111111111110, sa_flags=SA_RESTART|SA_SIGINFO
SIGTERM: [libjvm.so+0x8e54e0], sa_mask[0]=11111111011111111101111111111110, sa_flags=SA_RESTART|SA_SIGINFO
SIGQUIT: [libjvm.so+0x8e54e0], sa_mask[0]=11111111011111111101111111111110, sa_flags=SA_RESTART|SA_SIGINFO


---------------  S Y S T E M  ---------------

OS:DISTRIB_ID=Ubuntu
DISTRIB_RELEASE=14.04
DISTRIB_CODENAME=trusty
DISTRIB_DESCRIPTION="Ubuntu 14.04.2 LTS"

uname:Linux 3.13.0-52-generic #86-Ubuntu SMP Mon May 4 04:32:59 UTC 2015 x86_64
libc:glibc 2.19 NPTL 2.19 
rlimit: STACK 8192k, CORE 0k, NPROC 31021, NOFILE 4096, AS infinity
load average:4.64 2.24 1.82

/proc/meminfo:
MemTotal:        3992324 kB
MemFree:          155544 kB
Buffers:            1332 kB
Cached:            23972 kB
SwapCached:        21760 kB
Active:          2782660 kB
Inactive:         832364 kB
Active(anon):    2781452 kB
Inactive(anon):   813324 kB
Active(file):       1208 kB
Inactive(file):    19040 kB
Unevictable:          48 kB
Mlocked:              48 kB
SwapTotal:       1044476 kB
SwapFree:              0 kB
Dirty:                24 kB
Writeback:             0 kB
AnonPages:       3568184 kB
Mapped:            11476 kB
Shmem:              4952 kB
Slab:              76460 kB
SReclaimable:      34652 kB
SUnreclaim:        41808 kB
KernelStack:        6376 kB
PageTables:        41888 kB
NFS_Unstable:          0 kB
Bounce:                0 kB
WritebackTmp:          0 kB
CommitLimit:     3040636 kB
Committed_AS:    8814200 kB
VmallocTotal:   34359738367 kB
VmallocUsed:      171400 kB
VmallocChunk:   34359503056 kB
HardwareCorrupted:     0 kB
AnonHugePages:   1794048 kB
HugePages_Total:       0
HugePages_Free:        0
HugePages_Rsvd:        0
HugePages_Surp:        0
Hugepagesize:       2048 kB
DirectMap4k:       69504 kB
DirectMap2M:     3026944 kB
DirectMap1G:     1048576 kB


CPU:total 2 (1 cores per cpu, 1 threads per core) family 6 model 69 stepping 1, cmov, cx8, fxsr, mmx, sse, sse2, sse3, ssse3, sse4.1, sse4.2, popcnt, avx, aes, clmul, erms, tsc, tscinvbit

/proc/cpuinfo:
processor	: 0
vendor_id	: GenuineIntel
cpu family	: 6
model		: 69
model name	: Intel(R) Core(TM) i5-4288U CPU @ 2.60GHz
stepping	: 1
microcode	: 0x17
cpu MHz		: 2599.619
cache size	: 3072 KB
physical id	: 0
siblings	: 1
core id		: 0
cpu cores	: 1
apicid		: 0
initial apicid	: 0
fpu		: yes
fpu_exception	: yes
cpuid level	: 13
wp		: yes
flags		: fpu vme de pse tsc msr pae mce cx8 apic sep mtrr pge mca cmov pat pse36 clflush dts mmx fxsr sse sse2 ss syscall nx pdpe1gb rdtscp lm constant_tsc arch_perfmon pebs bts nopl xtopology tsc_reliable nonstop_tsc aperfmperf pni pclmulqdq vmx ssse3 fma cx16 pcid sse4_1 sse4_2 x2apic movbe popcnt aes xsave avx f16c rdrand hypervisor lahf_lm ida arat epb pln pts dtherm tpr_shadow vnmi ept vpid fsgsbase smep
bogomips	: 5199.23
clflush size	: 64
cache_alignment	: 64
address sizes	: 40 bits physical, 48 bits virtual
power management:

processor	: 1
vendor_id	: GenuineIntel
cpu family	: 6
model		: 69
model name	: Intel(R) Core(TM) i5-4288U CPU @ 2.60GHz
stepping	: 1
microcode	: 0x17
cpu MHz		: 2599.619
cache size	: 3072 KB
physical id	: 2
siblings	: 1
core id		: 0
cpu cores	: 1
apicid		: 2
initial apicid	: 2
fpu		: yes
fpu_exception	: yes
cpuid level	: 13
wp		: yes
flags		: fpu vme de pse tsc msr pae mce cx8 apic sep mtrr pge mca cmov pat pse36 clflush dts mmx fxsr sse sse2 ss syscall nx pdpe1gb rdtscp lm constant_tsc arch_perfmon pebs bts nopl xtopology tsc_reliable nonstop_tsc aperfmperf pni pclmulqdq vmx ssse3 fma cx16 pcid sse4_1 sse4_2 x2apic movbe popcnt aes xsave avx f16c rdrand hypervisor lahf_lm ida arat epb pln pts dtherm tpr_shadow vnmi ept vpid fsgsbase smep
bogomips	: 5199.23
clflush size	: 64
cache_alignment	: 64
address sizes	: 40 bits physical, 48 bits virtual
power management:



Memory: 4k page, physical 3992324k(155544k free), swap 1044476k(0k free)

vm_info: Java HotSpot(TM) 64-Bit Server VM (25.31-b07) for linux-amd64 JRE (1.8.0_31-b13), built on Dec 17 2014 20:40:15 by "java_re" with gcc 4.3.0 20080428 (Red Hat 4.3.0-8)

time: Fri Sep  4 19:21:19 2015
elapsed time: 13 seconds (0d 0h 0m 13s)

