#
# There is insufficient memory for the Java Runtime Environment to continue.
# Native memory allocation (mmap) failed to map 70254592 bytes for committing reserved memory.
# Possible reasons:
#   The system is out of physical RAM or swap space
#   In 32 bit mode, the process size limit was hit
# Possible solutions:
#   Reduce memory load on the system
#   Increase physical memory or swap space
#   Check if swap backing store is full
#   Use 64 bit Java on a 64 bit OS
#   Decrease Java heap size (-Xmx/-Xms)
#   Decrease number of Java threads
#   Decrease Java thread stack sizes (-Xss)
#   Set larger code cache with -XX:ReservedCodeCacheSize=
# This output file may be truncated or incomplete.
#
#  Out of Memory Error (os_linux.cpp:2671), pid=8580, tid=139990360106752
#
# JRE version: Java(TM) SE Runtime Environment (8.0_31-b13) (build 1.8.0_31-b13)
# Java VM: Java HotSpot(TM) 64-Bit Server VM (25.31-b07 mixed mode linux-amd64 compressed oops)
# Failed to write core dump. Core dumps have been disabled. To enable core dumping, try "ulimit -c unlimited" before starting Java again
#

---------------  T H R E A D  ---------------

Current thread (0x00007f5220073000):  VMThread [stack: 0x00007f520b9fa000,0x00007f520bafb000] [id=8589]

Stack: [0x00007f520b9fa000,0x00007f520bafb000],  sp=0x00007f520baf8ff0,  free space=1019k
Native frames: (J=compiled Java code, j=interpreted, Vv=VM code, C=native code)
V  [libjvm.so+0xa79e0a]  VMError::report_and_die()+0x2ca
V  [libjvm.so+0x4e57bb]  report_vm_out_of_memory(char const*, int, unsigned long, VMErrorType, char const*)+0x8b
V  [libjvm.so+0x8e5a23]  os::Linux::commit_memory_impl(char*, unsigned long, bool)+0x103
V  [libjvm.so+0x8e5f79]  os::pd_commit_memory(char*, unsigned long, unsigned long, bool)+0x29
V  [libjvm.so+0x8dfc4a]  os::commit_memory(char*, unsigned long, unsigned long, bool)+0x2a
V  [libjvm.so+0x9502f3]  PSVirtualSpace::expand_by(unsigned long)+0x53
V  [libjvm.so+0x9516f8]  PSYoungGen::resize_generation(unsigned long, unsigned long)+0xf8
V  [libjvm.so+0x950852]  PSYoungGen::resize(unsigned long, unsigned long)+0x22
V  [libjvm.so+0x94db33]  PSScavenge::invoke_no_policy()+0xf53
V  [libjvm.so+0x94e2b1]  PSScavenge::invoke()+0x41
V  [libjvm.so+0x907f90]  ParallelScavengeHeap::failed_mem_allocate(unsigned long)+0x70
V  [libjvm.so+0xa7b487]  VM_ParallelGCFailedAllocation::doit()+0x97
V  [libjvm.so+0xa82ba5]  VM_Operation::evaluate()+0x55
V  [libjvm.so+0xa80f7a]  VMThread::evaluate_operation(VM_Operation*)+0xba
V  [libjvm.so+0xa812fe]  VMThread::loop()+0x1ce
V  [libjvm.so+0xa81770]  VMThread::run()+0x70
V  [libjvm.so+0x8e8158]  java_start(Thread*)+0x108

VM_Operation (0x00007f5229986460): ParallelGCFailedAllocation, mode: safepoint, requested by thread 0x00007f522000c000


---------------  P R O C E S S  ---------------

Java Threads: ( => current thread )
  0x00007f52200b1000 JavaThread "Service Thread" daemon [_thread_blocked, id=8595, stack(0x00007f520a734000,0x00007f520a835000)]
  0x00007f52200ac800 JavaThread "C1 CompilerThread1" daemon [_thread_blocked, id=8594, stack(0x00007f520a835000,0x00007f520a936000)]
  0x00007f52200a9800 JavaThread "C2 CompilerThread0" daemon [_thread_blocked, id=8593, stack(0x00007f520a936000,0x00007f520aa37000)]
  0x00007f52200a7800 JavaThread "Signal Dispatcher" daemon [_thread_blocked, id=8592, stack(0x00007f520aa37000,0x00007f520ab38000)]
  0x00007f522007a000 JavaThread "Finalizer" daemon [_thread_blocked, id=8591, stack(0x00007f520b7f8000,0x00007f520b8f9000)]
  0x00007f5220078000 JavaThread "Reference Handler" daemon [_thread_blocked, id=8590, stack(0x00007f520b8f9000,0x00007f520b9fa000)]
  0x00007f522000c000 JavaThread "main" [_thread_blocked, id=8586, stack(0x00007f5229887000,0x00007f5229988000)]

Other Threads:
=>0x00007f5220073000 VMThread [stack: 0x00007f520b9fa000,0x00007f520bafb000] [id=8589]
  0x00007f52200b6000 WatcherThread [stack: 0x00007f520a633000,0x00007f520a734000] [id=8596]

VM state:at safepoint (normal execution)

VM Mutex/Monitor currently owned by a thread:  ([mutex/lock_event])
[0x00007f5220007ff0] Threads_lock - owner thread: 0x00007f5220073000
[0x00007f52200084f0] Heap_lock - owner thread: 0x00007f522000c000

Heap:
 PSYoungGen      total 134144K, used 3522K [0x00000000eab00000, 0x00000000f4000000, 0x0000000100000000)
  eden space 118784K, 0% used [0x00000000eab00000,0x00000000eab00000,0x00000000f1f00000)
  from space 15360K, 22% used [0x00000000f1f00000,0x00000000f2270938,0x00000000f2e00000)
  to   space 12288K, 0% used [0x00000000f2e00000,0x00000000f2e00000,0x00000000f3a00000)
 ParOldGen       total 42496K, used 33955K [0x00000000c0000000, 0x00000000c2980000, 0x00000000eab00000)
  object space 42496K, 79% used [0x00000000c0000000,0x00000000c2128d08,0x00000000c2980000)
 Metaspace       used 7710K, capacity 8190K, committed 8448K, reserved 1056768K
  class space    used 710K, capacity 753K, committed 768K, reserved 1048576K

Card table byte_map: [0x00007f52264a1000,0x00007f52266a2000] byte_map_base: 0x00007f5225ea1000

Marking Bits: (ParMarkBitMap*) 0x00007f5228d5d2a0
 Begin Bits: [0x00007f5224149000, 0x00007f5225149000)
 End Bits:   [0x00007f5225149000, 0x00007f5226149000)

Polling page: 0x00007f52299a3000

CodeCache: size=245760Kb used=9239Kb max_used=9249Kb free=236520Kb
 bounds [0x00007f5211000000, 0x00007f5211910000, 0x00007f5220000000]
 total_blobs=3076 nmethods=2784 adapters=206
 compilation: enabled

Compilation events (10 events):
Event: 5.363 Thread 0x00007f52200a9800 nmethod 2797 0x00007f52118f7cd0 code [0x00007f52118f7e20, 0x00007f52118f7ed8]
Event: 5.363 Thread 0x00007f52200a9800 2801       4       com.android.dx.merge.IndexMap::adjust (60 bytes)
Event: 5.392 Thread 0x00007f52200a9800 nmethod 2801 0x00007f5211908190 code [0x00007f5211908380, 0x00007f5211908d88]
Event: 5.392 Thread 0x00007f52200a9800 2793       4       com.android.dx.merge.DexMerger$3::updateIndex (16 bytes)
Event: 5.400 Thread 0x00007f52200a9800 nmethod 2793 0x00007f521190ae50 code [0x00007f521190afc0, 0x00007f521190b248]
Event: 5.400 Thread 0x00007f52200a9800 2803       4       com.android.dex.Dex$Section::readMethods (59 bytes)
Event: 5.412 Thread 0x00007f52200ac800 2805       1       java.util.Formatter::access$300 (5 bytes)
Event: 5.412 Thread 0x00007f52200ac800 nmethod 2805 0x00007f52118f7a10 code [0x00007f52118f7b60, 0x00007f52118f7c50]
Event: 5.412 Thread 0x00007f52200ac800 2806       3       java.lang.StringBuilder::length (5 bytes)
Event: 5.412 Thread 0x00007f52200ac800 nmethod 2806 0x00007f521190ab10 code [0x00007f521190ac80, 0x00007f521190adf0]

GC Heap History (10 events):
Event: 2.239 GC heap after
Heap after GC invocations=4 (full 0):
 PSYoungGen      total 34304K, used 2548K [0x00000000eab00000, 0x00000000ecf00000, 0x0000000100000000)
  eden space 31744K, 0% used [0x00000000eab00000,0x00000000eab00000,0x00000000eca00000)
  from space 2560K, 99% used [0x00000000ecc80000,0x00000000ecefd1e8,0x00000000ecf00000)
  to   space 2560K, 0% used [0x00000000eca00000,0x00000000eca00000,0x00000000ecc80000)
 ParOldGen       total 42496K, used 10391K [0x00000000c0000000, 0x00000000c2980000, 0x00000000eab00000)
  object space 42496K, 24% used [0x00000000c0000000,0x00000000c0a25fd8,0x00000000c2980000)
 Metaspace       used 5839K, capacity 7088K, committed 7296K, reserved 1056768K
  class space    used 546K, capacity 616K, committed 640K, reserved 1048576K
}
Event: 2.798 GC heap before
{Heap before GC invocations=5 (full 0):
 PSYoungGen      total 34304K, used 34292K [0x00000000eab00000, 0x00000000ecf00000, 0x0000000100000000)
  eden space 31744K, 100% used [0x00000000eab00000,0x00000000eca00000,0x00000000eca00000)
  from space 2560K, 99% used [0x00000000ecc80000,0x00000000ecefd1e8,0x00000000ecf00000)
  to   space 2560K, 0% used [0x00000000eca00000,0x00000000eca00000,0x00000000ecc80000)
 ParOldGen       total 42496K, used 10391K [0x00000000c0000000, 0x00000000c2980000, 0x00000000eab00000)
  object space 42496K, 24% used [0x00000000c0000000,0x00000000c0a25fd8,0x00000000c2980000)
 Metaspace       used 5867K, capacity 7088K, committed 7296K, reserved 1056768K
  class space    used 547K, capacity 616K, committed 640K, reserved 1048576K
Event: 2.850 GC heap after
Heap after GC invocations=5 (full 0):
 PSYoungGen      total 34304K, used 2533K [0x00000000eab00000, 0x00000000efa00000, 0x0000000100000000)
  eden space 31744K, 0% used [0x00000000eab00000,0x00000000eab00000,0x00000000eca00000)
  from space 2560K, 98% used [0x00000000eca00000,0x00000000ecc79698,0x00000000ecc80000)
  to   space 8704K, 0% used [0x00000000ef180000,0x00000000ef180000,0x00000000efa00000)
 ParOldGen       total 42496K, used 16093K [0x00000000c0000000, 0x00000000c2980000, 0x00000000eab00000)
  object space 42496K, 37% used [0x00000000c0000000,0x00000000c0fb7418,0x00000000c2980000)
 Metaspace       used 5867K, capacity 7088K, committed 7296K, reserved 1056768K
  class space    used 547K, capacity 616K, committed 640K, reserved 1048576K
}
Event: 3.797 GC heap before
{Heap before GC invocations=6 (full 0):
 PSYoungGen      total 34304K, used 34277K [0x00000000eab00000, 0x00000000efa00000, 0x0000000100000000)
  eden space 31744K, 100% used [0x00000000eab00000,0x00000000eca00000,0x00000000eca00000)
  from space 2560K, 98% used [0x00000000eca00000,0x00000000ecc79698,0x00000000ecc80000)
  to   space 8704K, 0% used [0x00000000ef180000,0x00000000ef180000,0x00000000efa00000)
 ParOldGen       total 42496K, used 16093K [0x00000000c0000000, 0x00000000c2980000, 0x00000000eab00000)
  object space 42496K, 37% used [0x00000000c0000000,0x00000000c0fb7418,0x00000000c2980000)
 Metaspace       used 7011K, capacity 7760K, committed 7936K, reserved 1056768K
  class space    used 637K, capacity 648K, committed 768K, reserved 1048576K
Event: 3.820 GC heap after
Heap after GC invocations=6 (full 0):
 PSYoungGen      total 69632K, used 8698K [0x00000000eab00000, 0x00000000eff00000, 0x0000000100000000)
  eden space 60928K, 0% used [0x00000000eab00000,0x00000000eab00000,0x00000000ee680000)
  from space 8704K, 99% used [0x00000000ef180000,0x00000000ef9fe8f8,0x00000000efa00000)
  to   space 11264K, 0% used [0x00000000ee680000,0x00000000ee680000,0x00000000ef180000)
 ParOldGen       total 42496K, used 18420K [0x00000000c0000000, 0x00000000c2980000, 0x00000000eab00000)
  object space 42496K, 43% used [0x00000000c0000000,0x00000000c11fd138,0x00000000c2980000)
 Metaspace       used 7011K, capacity 7760K, committed 7936K, reserved 1056768K
  class space    used 637K, capacity 648K, committed 768K, reserved 1048576K
}
Event: 4.359 GC heap before
{Heap before GC invocations=7 (full 0):
 PSYoungGen      total 69632K, used 69626K [0x00000000eab00000, 0x00000000eff00000, 0x0000000100000000)
  eden space 60928K, 100% used [0x00000000eab00000,0x00000000ee680000,0x00000000ee680000)
  from space 8704K, 99% used [0x00000000ef180000,0x00000000ef9fe8f8,0x00000000efa00000)
  to   space 11264K, 0% used [0x00000000ee680000,0x00000000ee680000,0x00000000ef180000)
 ParOldGen       total 42496K, used 18420K [0x00000000c0000000, 0x00000000c2980000, 0x00000000eab00000)
  object space 42496K, 43% used [0x00000000c0000000,0x00000000c11fd138,0x00000000c2980000)
 Metaspace       used 7599K, capacity 8184K, committed 8448K, reserved 1056768K
  class space    used 701K, capacity 752K, committed 768K, reserved 1048576K
Event: 4.487 GC heap after
Heap after GC invocations=7 (full 0):
 PSYoungGen      total 72192K, used 9867K [0x00000000eab00000, 0x00000000f3a00000, 0x0000000100000000)
  eden space 60928K, 0% used [0x00000000eab00000,0x00000000eab00000,0x00000000ee680000)
  from space 11264K, 87% used [0x00000000ee680000,0x00000000ef022e28,0x00000000ef180000)
  to   space 12288K, 0% used [0x00000000f2e00000,0x00000000f2e00000,0x00000000f3a00000)
 ParOldGen       total 42496K, used 23369K [0x00000000c0000000, 0x00000000c2980000, 0x00000000eab00000)
  object space 42496K, 54% used [0x00000000c0000000,0x00000000c16d2718,0x00000000c2980000)
 Metaspace       used 7599K, capacity 8184K, committed 8448K, reserved 1056768K
  class space    used 701K, capacity 752K, committed 768K, reserved 1048576K
}
Event: 4.814 GC heap before
{Heap before GC invocations=8 (full 0):
 PSYoungGen      total 72192K, used 70795K [0x00000000eab00000, 0x00000000f3a00000, 0x0000000100000000)
  eden space 60928K, 100% used [0x00000000eab00000,0x00000000ee680000,0x00000000ee680000)
  from space 11264K, 87% used [0x00000000ee680000,0x00000000ef022e28,0x00000000ef180000)
  to   space 12288K, 0% used [0x00000000f2e00000,0x00000000f2e00000,0x00000000f3a00000)
 ParOldGen       total 42496K, used 23369K [0x00000000c0000000, 0x00000000c2980000, 0x00000000eab00000)
  object space 42496K, 54% used [0x00000000c0000000,0x00000000c16d2718,0x00000000c2980000)
 Metaspace       used 7696K, capacity 8190K, committed 8448K, reserved 1056768K
  class space    used 710K, capacity 753K, committed 768K, reserved 1048576K
Event: 4.835 GC heap after
Heap after GC invocations=8 (full 0):
 PSYoungGen      total 131072K, used 12275K [0x00000000eab00000, 0x00000000f4000000, 0x0000000100000000)
  eden space 118784K, 0% used [0x00000000eab00000,0x00000000eab00000,0x00000000f1f00000)
  from space 12288K, 99% used [0x00000000f2e00000,0x00000000f39fcee8,0x00000000f3a00000)
  to   space 15360K, 0% used [0x00000000f1f00000,0x00000000f1f00000,0x00000000f2e00000)
 ParOldGen       total 42496K, used 26400K [0x00000000c0000000, 0x00000000c2980000, 0x00000000eab00000)
  object space 42496K, 62% used [0x00000000c0000000,0x00000000c19c8008,0x00000000c2980000)
 Metaspace       used 7696K, capacity 8190K, committed 8448K, reserved 1056768K
  class space    used 710K, capacity 753K, committed 768K, reserved 1048576K
}
Event: 5.414 GC heap before
{Heap before GC invocations=9 (full 0):
 PSYoungGen      total 131072K, used 130484K [0x00000000eab00000, 0x00000000f4000000, 0x0000000100000000)
  eden space 118784K, 99% used [0x00000000eab00000,0x00000000f1e70390,0x00000000f1f00000)
  from space 12288K, 99% used [0x00000000f2e00000,0x00000000f39fcee8,0x00000000f3a00000)
  to   space 15360K, 0% used [0x00000000f1f00000,0x00000000f1f00000,0x00000000f2e00000)
 ParOldGen       total 42496K, used 26400K [0x00000000c0000000, 0x00000000c2980000, 0x00000000eab00000)
  object space 42496K, 62% used [0x00000000c0000000,0x00000000c19c8008,0x00000000c2980000)
 Metaspace       used 7710K, capacity 8190K, committed 8448K, reserved 1056768K
  class space    used 710K, capacity 753K, committed 768K, reserved 1048576K

Deoptimization events (10 events):
Event: 3.615 Thread 0x00007f522000c000 Uncommon trap: reason=class_check action=maybe_recompile pc=0x00007f52116a29cc method=java.util.HashMap.putVal(ILjava/lang/Object;Ljava/lang/Object;ZZ)Ljava/lang/Object; @ 56
Event: 3.688 Thread 0x00007f522000c000 Uncommon trap: reason=class_check action=maybe_recompile pc=0x00007f52116e19e4 method=com.android.dex.Leb128.writeUnsignedLeb128(Lcom/android/dex/util/ByteOutput;I)V @ 40
Event: 3.688 Thread 0x00007f522000c000 Uncommon trap: reason=class_check action=maybe_recompile pc=0x00007f52116e19e4 method=com.android.dex.Leb128.writeUnsignedLeb128(Lcom/android/dex/util/ByteOutput;I)V @ 40
Event: 3.688 Thread 0x00007f522000c000 Uncommon trap: reason=class_check action=maybe_recompile pc=0x00007f52116e19e4 method=com.android.dex.Leb128.writeUnsignedLeb128(Lcom/android/dex/util/ByteOutput;I)V @ 40
Event: 3.688 Thread 0x00007f522000c000 Uncommon trap: reason=class_check action=maybe_recompile pc=0x00007f52116e19e4 method=com.android.dex.Leb128.writeUnsignedLeb128(Lcom/android/dex/util/ByteOutput;I)V @ 40
Event: 3.781 Thread 0x00007f522000c000 Uncommon trap: reason=unreached action=reinterpret pc=0x00007f5211786998 method=java.util.HashMap.putVal(ILjava/lang/Object;Ljava/lang/Object;ZZ)Ljava/lang/Object; @ 109
Event: 3.826 Thread 0x00007f522000c000 Uncommon trap: reason=predicate action=maybe_recompile pc=0x00007f52117528c8 method=com.android.dex.Leb128.writeUnsignedLeb128(Lcom/android/dex/util/ByteOutput;I)V @ 9
Event: 3.873 Thread 0x00007f522000c000 Uncommon trap: reason=unreached action=reinterpret pc=0x00007f521169e77c method=java.util.HashMap.getNode(ILjava/lang/Object;)Ljava/util/HashMap$Node; @ 84
Event: 3.876 Thread 0x00007f522000c000 Uncommon trap: reason=unreached action=reinterpret pc=0x00007f521169ed48 method=java.util.HashMap.getNode(ILjava/lang/Object;)Ljava/util/HashMap$Node; @ 84
Event: 4.038 Thread 0x00007f522000c000 Uncommon trap: reason=predicate action=maybe_recompile pc=0x00007f52117e3f28 method=com.android.dex.Leb128.readUnsignedLeb128(Lcom/android/dex/util/ByteInput;)I @ 41

Internal exceptions (10 events):
Event: 3.857 Thread 0x00007f522000c000 Exception <a 'java/security/PrivilegedActionException'> (0x00000000eabb6a78) thrown at [/HUDSON/workspace/8-2-build-linux-amd64/jdk8u31/2394/hotspot/src/share/vm/prims/jvm.cpp, line 1312]
Event: 3.857 Thread 0x00007f522000c000 Exception <a 'java/security/PrivilegedActionException'> (0x00000000eabb9e50) thrown at [/HUDSON/workspace/8-2-build-linux-amd64/jdk8u31/2394/hotspot/src/share/vm/prims/jvm.cpp, line 1312]
Event: 3.857 Thread 0x00007f522000c000 Exception <a 'java/security/PrivilegedActionException'> (0x00000000eabbd378) thrown at [/HUDSON/workspace/8-2-build-linux-amd64/jdk8u31/2394/hotspot/src/share/vm/prims/jvm.cpp, line 1312]
Event: 3.858 Thread 0x00007f522000c000 Exception <a 'java/security/PrivilegedActionException'> (0x00000000eabc2818) thrown at [/HUDSON/workspace/8-2-build-linux-amd64/jdk8u31/2394/hotspot/src/share/vm/prims/jvm.cpp, line 1312]
Event: 3.858 Thread 0x00007f522000c000 Exception <a 'java/security/PrivilegedActionException'> (0x00000000eabc5750) thrown at [/HUDSON/workspace/8-2-build-linux-amd64/jdk8u31/2394/hotspot/src/share/vm/prims/jvm.cpp, line 1312]
Event: 3.859 Thread 0x00007f522000c000 Exception <a 'java/security/PrivilegedActionException'> (0x00000000eabc8848) thrown at [/HUDSON/workspace/8-2-build-linux-amd64/jdk8u31/2394/hotspot/src/share/vm/prims/jvm.cpp, line 1312]
Event: 3.859 Thread 0x00007f522000c000 Exception <a 'java/security/PrivilegedActionException'> (0x00000000eabcbd78) thrown at [/HUDSON/workspace/8-2-build-linux-amd64/jdk8u31/2394/hotspot/src/share/vm/prims/jvm.cpp, line 1312]
Event: 3.861 Thread 0x00007f522000c000 Exception <a 'java/security/PrivilegedActionException'> (0x00000000eac12fb8) thrown at [/HUDSON/workspace/8-2-build-linux-amd64/jdk8u31/2394/hotspot/src/share/vm/prims/jvm.cpp, line 1312]
Event: 3.866 Thread 0x00007f522000c000 Exception <a 'java/security/PrivilegedActionException'> (0x00000000eac15210) thrown at [/HUDSON/workspace/8-2-build-linux-amd64/jdk8u31/2394/hotspot/src/share/vm/prims/jvm.cpp, line 1312]
Event: 4.559 Thread 0x00007f522000c000 Exception <a 'java/security/PrivilegedActionException'> (0x00000000eb4ceac0) thrown at [/HUDSON/workspace/8-2-build-linux-amd64/jdk8u31/2394/hotspot/src/share/vm/prims/jvm.cpp, line 1312]

Events (10 events):
Event: 4.980 Thread 0x00007f522000c000 DEOPT UNPACKING pc=0x00007f5211047373 sp=0x00007f5229986020 mode 0
Event: 5.060 Thread 0x00007f522000c000 DEOPT PACKING pc=0x00007f52118a7700 sp=0x00007f5229986140
Event: 5.060 Thread 0x00007f522000c000 DEOPT UNPACKING pc=0x00007f5211047373 sp=0x00007f5229985ef8 mode 0
Event: 5.154 Thread 0x00007f522000c000 DEOPT PACKING pc=0x00007f52118a7700 sp=0x00007f5229986140
Event: 5.154 Thread 0x00007f522000c000 DEOPT UNPACKING pc=0x00007f5211047373 sp=0x00007f5229985ef8 mode 0
Event: 5.178 Thread 0x00007f522000c000 DEOPT PACKING pc=0x00007f5211823401 sp=0x00007f5229986170
Event: 5.178 Thread 0x00007f522000c000 DEOPT UNPACKING pc=0x00007f5211047373 sp=0x00007f5229985ec0 mode 0
Event: 5.302 Thread 0x00007f522000c000 DEOPT PACKING pc=0x00007f5211801346 sp=0x00007f52299863b0
Event: 5.302 Thread 0x00007f522000c000 DEOPT UNPACKING pc=0x00007f5211047373 sp=0x00007f5229986218 mode 0
Event: 5.414 Executing VM operation: ParallelGCFailedAllocation


Dynamic libraries:
00400000-00401000 r-xp 00000000 08:01 153094                             /usr/lib/jvm/java-8-oracle/bin/java
00600000-00601000 rw-p 00000000 08:01 153094                             /usr/lib/jvm/java-8-oracle/bin/java
017ec000-0180d000 rw-p 00000000 00:00 0                                  [heap]
c0000000-c2980000 rw-p 00000000 00:00 0 
c2980000-eab00000 ---p 00000000 00:00 0 
eab00000-f4000000 rw-p 00000000 00:00 0 
f8300000-100000000 ---p 00000000 00:00 0 
100000000-1000c0000 rw-p 00000000 00:00 0 
1000c0000-140000000 ---p 00000000 00:00 0 
7f51e0000000-7f51e0021000 rw-p 00000000 00:00 0 
7f51e0021000-7f51e4000000 ---p 00000000 00:00 0 
7f51e8000000-7f51e8734000 rw-p 00000000 00:00 0 
7f51e8734000-7f51ec000000 ---p 00000000 00:00 0 
7f51ec000000-7f51ec021000 rw-p 00000000 00:00 0 
7f51ec021000-7f51f0000000 ---p 00000000 00:00 0 
7f51f0000000-7f51f0021000 rw-p 00000000 00:00 0 
7f51f0021000-7f51f4000000 ---p 00000000 00:00 0 
7f51f4000000-7f51f4b96000 rw-p 00000000 00:00 0 
7f51f4b96000-7f51f8000000 ---p 00000000 00:00 0 
7f51f8000000-7f51f8021000 rw-p 00000000 00:00 0 
7f51f8021000-7f51fc000000 ---p 00000000 00:00 0 
7f51fc000000-7f51fc021000 rw-p 00000000 00:00 0 
7f51fc021000-7f5200000000 ---p 00000000 00:00 0 
7f5200000000-7f5200284000 rw-p 00000000 00:00 0 
7f5200284000-7f5204000000 ---p 00000000 00:00 0 
7f5204000000-7f5204021000 rw-p 00000000 00:00 0 
7f5204021000-7f5208000000 ---p 00000000 00:00 0 
7f520a633000-7f520a634000 ---p 00000000 00:00 0 
7f520a634000-7f520a734000 rw-p 00000000 00:00 0                          [stack:8596]
7f520a734000-7f520a737000 ---p 00000000 00:00 0 
7f520a737000-7f520a835000 rw-p 00000000 00:00 0                          [stack:8595]
7f520a835000-7f520a838000 ---p 00000000 00:00 0 
7f520a838000-7f520a936000 rw-p 00000000 00:00 0                          [stack:8594]
7f520a936000-7f520a939000 ---p 00000000 00:00 0 
7f520a939000-7f520aa37000 rw-p 00000000 00:00 0                          [stack:8593]
7f520aa37000-7f520aa3a000 ---p 00000000 00:00 0 
7f520aa3a000-7f520ab38000 rw-p 00000000 00:00 0                          [stack:8592]
7f520ab38000-7f520b7f8000 r--p 00000000 08:01 659301                     /usr/lib/locale/locale-archive
7f520b7f8000-7f520b7fb000 ---p 00000000 00:00 0 
7f520b7fb000-7f520b8f9000 rw-p 00000000 00:00 0                          [stack:8591]
7f520b8f9000-7f520b8fc000 ---p 00000000 00:00 0 
7f520b8fc000-7f520b9fa000 rw-p 00000000 00:00 0                          [stack:8590]
7f520b9fa000-7f520b9fb000 ---p 00000000 00:00 0 
7f520b9fb000-7f520c000000 rw-p 00000000 00:00 0                          [stack:8589]
7f520c000000-7f520c021000 rw-p 00000000 00:00 0 
7f520c021000-7f5210000000 ---p 00000000 00:00 0 
7f5210026000-7f521042a000 rw-p 00000000 00:00 0 
7f521042a000-7f5210600000 r--s 03cae000 08:01 153415                     /usr/lib/jvm/java-8-oracle/jre/lib/rt.jar
7f5210600000-7f5210d80000 rw-p 00000000 00:00 0 
7f5210d80000-7f5210e00000 ---p 00000000 00:00 0 
7f5210e00000-7f5211000000 rw-p 00000000 00:00 0 
7f5211000000-7f5211910000 rwxp 00000000 00:00 0 
7f5211910000-7f5220000000 ---p 00000000 00:00 0 
7f5220000000-7f522039e000 rw-p 00000000 00:00 0 
7f522039e000-7f5224000000 ---p 00000000 00:00 0 
7f5224054000-7f5224063000 r--s 000dd000 08:01 939380                     /home/saul/Android/Sdk/build-tools/21.1.2/lib/dx.jar
7f5224063000-7f5226149000 rw-p 00000000 00:00 0 
7f5226149000-7f522614a000 ---p 00000000 00:00 0 
7f522614a000-7f522624a000 rw-p 00000000 00:00 0                          [stack:8588]
7f522624a000-7f522624b000 ---p 00000000 00:00 0 
7f522624b000-7f5226360000 rw-p 00000000 00:00 0                          [stack:8587]
7f5226360000-7f52264a1000 ---p 00000000 00:00 0 
7f52264a1000-7f52264b6000 rw-p 00000000 00:00 0 
7f52264b6000-7f52265f6000 ---p 00000000 00:00 0 
7f52265f6000-7f5226641000 rw-p 00000000 00:00 0 
7f5226641000-7f52266a1000 ---p 00000000 00:00 0 
7f52266a1000-7f52266c7000 rw-p 00000000 00:00 0 
7f52266c7000-7f5226a62000 ---p 00000000 00:00 0 
7f5226a62000-7f5226a7c000 r-xp 00000000 08:01 153354                     /usr/lib/jvm/java-8-oracle/jre/lib/amd64/libzip.so
7f5226a7c000-7f5226c7c000 ---p 0001a000 08:01 153354                     /usr/lib/jvm/java-8-oracle/jre/lib/amd64/libzip.so
7f5226c7c000-7f5226c7d000 rw-p 0001a000 08:01 153354                     /usr/lib/jvm/java-8-oracle/jre/lib/amd64/libzip.so
7f5226c7d000-7f5226c88000 r-xp 00000000 08:01 923607                     /lib/x86_64-linux-gnu/libnss_files-2.19.so
7f5226c88000-7f5226e87000 ---p 0000b000 08:01 923607                     /lib/x86_64-linux-gnu/libnss_files-2.19.so
7f5226e87000-7f5226e88000 r--p 0000a000 08:01 923607                     /lib/x86_64-linux-gnu/libnss_files-2.19.so
7f5226e88000-7f5226e89000 rw-p 0000b000 08:01 923607                     /lib/x86_64-linux-gnu/libnss_files-2.19.so
7f5226e89000-7f5226e94000 r-xp 00000000 08:01 923699                     /lib/x86_64-linux-gnu/libnss_nis-2.19.so
7f5226e94000-7f5227093000 ---p 0000b000 08:01 923699                     /lib/x86_64-linux-gnu/libnss_nis-2.19.so
7f5227093000-7f5227094000 r--p 0000a000 08:01 923699                     /lib/x86_64-linux-gnu/libnss_nis-2.19.so
7f5227094000-7f5227095000 rw-p 0000b000 08:01 923699                     /lib/x86_64-linux-gnu/libnss_nis-2.19.so
7f5227095000-7f52270ac000 r-xp 00000000 08:01 923619                     /lib/x86_64-linux-gnu/libnsl-2.19.so
7f52270ac000-7f52272ab000 ---p 00017000 08:01 923619                     /lib/x86_64-linux-gnu/libnsl-2.19.so
7f52272ab000-7f52272ac000 r--p 00016000 08:01 923619                     /lib/x86_64-linux-gnu/libnsl-2.19.so
7f52272ac000-7f52272ad000 rw-p 00017000 08:01 923619                     /lib/x86_64-linux-gnu/libnsl-2.19.so
7f52272ad000-7f52272af000 rw-p 00000000 00:00 0 
7f52272af000-7f52272b8000 r-xp 00000000 08:01 923618                     /lib/x86_64-linux-gnu/libnss_compat-2.19.so
7f52272b8000-7f52274b7000 ---p 00009000 08:01 923618                     /lib/x86_64-linux-gnu/libnss_compat-2.19.so
7f52274b7000-7f52274b8000 r--p 00008000 08:01 923618                     /lib/x86_64-linux-gnu/libnss_compat-2.19.so
7f52274b8000-7f52274b9000 rw-p 00009000 08:01 923618                     /lib/x86_64-linux-gnu/libnss_compat-2.19.so
7f52274b9000-7f52274e3000 r-xp 00000000 08:01 153339                     /usr/lib/jvm/java-8-oracle/jre/lib/amd64/libjava.so
7f52274e3000-7f52276e3000 ---p 0002a000 08:01 153339                     /usr/lib/jvm/java-8-oracle/jre/lib/amd64/libjava.so
7f52276e3000-7f52276e5000 rw-p 0002a000 08:01 153339                     /usr/lib/jvm/java-8-oracle/jre/lib/amd64/libjava.so
7f52276e5000-7f52276f2000 r-xp 00000000 08:01 153352                     /usr/lib/jvm/java-8-oracle/jre/lib/amd64/libverify.so
7f52276f2000-7f52278f2000 ---p 0000d000 08:01 153352                     /usr/lib/jvm/java-8-oracle/jre/lib/amd64/libverify.so
7f52278f2000-7f52278f4000 rw-p 0000d000 08:01 153352                     /usr/lib/jvm/java-8-oracle/jre/lib/amd64/libverify.so
7f52278f4000-7f52278fb000 r-xp 00000000 08:01 923673                     /lib/x86_64-linux-gnu/librt-2.19.so
7f52278fb000-7f5227afa000 ---p 00007000 08:01 923673                     /lib/x86_64-linux-gnu/librt-2.19.so
7f5227afa000-7f5227afb000 r--p 00006000 08:01 923673                     /lib/x86_64-linux-gnu/librt-2.19.so
7f5227afb000-7f5227afc000 rw-p 00007000 08:01 923673                     /lib/x86_64-linux-gnu/librt-2.19.so
7f5227afc000-7f5227c01000 r-xp 00000000 08:01 923604                     /lib/x86_64-linux-gnu/libm-2.19.so
7f5227c01000-7f5227e00000 ---p 00105000 08:01 923604                     /lib/x86_64-linux-gnu/libm-2.19.so
7f5227e00000-7f5227e01000 r--p 00104000 08:01 923604                     /lib/x86_64-linux-gnu/libm-2.19.so
7f5227e01000-7f5227e02000 rw-p 00105000 08:01 923604                     /lib/x86_64-linux-gnu/libm-2.19.so
7f5227e02000-7f5228a70000 r-xp 00000000 08:01 153344                     /usr/lib/jvm/java-8-oracle/jre/lib/amd64/server/libjvm.so
7f5228a70000-7f5228c6f000 ---p 00c6e000 08:01 153344                     /usr/lib/jvm/java-8-oracle/jre/lib/amd64/server/libjvm.so
7f5228c6f000-7f5228d45000 rw-p 00c6d000 08:01 153344                     /usr/lib/jvm/java-8-oracle/jre/lib/amd64/server/libjvm.so
7f5228d45000-7f5228d88000 rw-p 00000000 00:00 0 
7f5228d88000-7f5228f43000 r-xp 00000000 08:01 923669                     /lib/x86_64-linux-gnu/libc-2.19.so
7f5228f43000-7f5229142000 ---p 001bb000 08:01 923669                     /lib/x86_64-linux-gnu/libc-2.19.so
7f5229142000-7f5229146000 r--p 001ba000 08:01 923669                     /lib/x86_64-linux-gnu/libc-2.19.so
7f5229146000-7f5229148000 rw-p 001be000 08:01 923669                     /lib/x86_64-linux-gnu/libc-2.19.so
7f5229148000-7f522914d000 rw-p 00000000 00:00 0 
7f522914d000-7f5229150000 r-xp 00000000 08:01 923610                     /lib/x86_64-linux-gnu/libdl-2.19.so
7f5229150000-7f522934f000 ---p 00003000 08:01 923610                     /lib/x86_64-linux-gnu/libdl-2.19.so
7f522934f000-7f5229350000 r--p 00002000 08:01 923610                     /lib/x86_64-linux-gnu/libdl-2.19.so
7f5229350000-7f5229351000 rw-p 00003000 08:01 923610                     /lib/x86_64-linux-gnu/libdl-2.19.so
7f5229351000-7f5229366000 r-xp 00000000 08:01 153007                     /usr/lib/jvm/java-8-oracle/lib/amd64/jli/libjli.so
7f5229366000-7f5229565000 ---p 00015000 08:01 153007                     /usr/lib/jvm/java-8-oracle/lib/amd64/jli/libjli.so
7f5229565000-7f5229566000 rw-p 00014000 08:01 153007                     /usr/lib/jvm/java-8-oracle/lib/amd64/jli/libjli.so
7f5229566000-7f522957f000 r-xp 00000000 08:01 923670                     /lib/x86_64-linux-gnu/libpthread-2.19.so
7f522957f000-7f522977e000 ---p 00019000 08:01 923670                     /lib/x86_64-linux-gnu/libpthread-2.19.so
7f522977e000-7f522977f000 r--p 00018000 08:01 923670                     /lib/x86_64-linux-gnu/libpthread-2.19.so
7f522977f000-7f5229780000 rw-p 00019000 08:01 923670                     /lib/x86_64-linux-gnu/libpthread-2.19.so
7f5229780000-7f5229784000 rw-p 00000000 00:00 0 
7f5229784000-7f52297a7000 r-xp 00000000 08:01 923629                     /lib/x86_64-linux-gnu/ld-2.19.so
7f52297ae000-7f5229887000 rw-p 00000000 00:00 0 
7f5229887000-7f522988a000 ---p 00000000 00:00 0 
7f522988a000-7f522998c000 rw-p 00000000 00:00 0                          [stack:8586]
7f5229995000-7f5229996000 rw-p 00000000 00:00 0 
7f5229996000-7f522999a000 r--s 00094000 08:01 153269                     /usr/lib/jvm/java-8-oracle/jre/lib/jsse.jar
7f522999a000-7f52299a2000 rw-s 00000000 08:01 144521                     /tmp/hsperfdata_saul/8580
7f52299a2000-7f52299a3000 rw-p 00000000 00:00 0 
7f52299a3000-7f52299a4000 ---p 00000000 00:00 0 
7f52299a4000-7f52299a6000 rw-p 00000000 00:00 0 
7f52299a6000-7f52299a7000 r--p 00022000 08:01 923629                     /lib/x86_64-linux-gnu/ld-2.19.so
7f52299a7000-7f52299a8000 rw-p 00023000 08:01 923629                     /lib/x86_64-linux-gnu/ld-2.19.so
7f52299a8000-7f52299a9000 rw-p 00000000 00:00 0 
7ffdeb966000-7ffdeb988000 rw-p 00000000 00:00 0                          [stack]
7ffdeb9de000-7ffdeb9e0000 r-xp 00000000 00:00 0                          [vdso]
ffffffffff600000-ffffffffff601000 r-xp 00000000 00:00 0                  [vsyscall]

VM Arguments:
jvm_args: -Xmx1024M -Dfile.encoding=UTF-8 -Duser.country=US -Duser.language=en -Duser.variant 
java_command: com.android.dx.command.Main --dex --output /home/saul/AndroidApps/appleyes-mobile/app/build/intermediates/dex/debug /home/saul/AndroidApps/appleyes-mobile/app/build/intermediates/classes/debug /home/saul/AndroidApps/appleyes-mobile/app/build/intermediates/pre-dexed/debug/support-annotations-22.2.0-93266946df374e0259491614fe1d9465a7d117c9.jar /home/saul/AndroidApps/appleyes-mobile/app/build/intermediates/pre-dexed/debug/classes-cc70af605a4dd8dcc66feff7f10bf7d557d99cba.jar /home/saul/AndroidApps/appleyes-mobile/app/build/intermediates/pre-dexed/debug/classes-187603be98b827b0fae08bcf4c235ff1ce4bddeb.jar /home/saul/AndroidApps/appleyes-mobile/app/build/intermediates/pre-dexed/debug/internal_impl-22.2.0-29420a4a84c7644f0a51eb49573423ba4f93812c.jar /home/saul/AndroidApps/appleyes-mobile/app/build/intermediates/pre-dexed/debug/classes-8ade09733a733b8419bd0c52e30828b4be1abbb9.jar /home/saul/AndroidApps/appleyes-mobile/app/build/intermediates/pre-dexed/debug/classes-884542f46a1a199c4c6ee1578c291dbe75921432.jar /home/saul/AndroidApps/appleyes-mobile/app/build/intermediates/pre-dexed/debug/classes-b50e1b6cd80fd3f756fdccd044e7d6482061883c.jar /home/saul/AndroidApps/appleyes-mobile/app/build/intermediates/pre-dexed/debug/classes-459891e242a0c8f601e0f02b065b1a4abef1f592.jar /home/saul/AndroidApps/appleyes-mobile/app/build/intermediates/pre-dexed/debug/classes-6e4a8bc3b69587e9717fb60b575403d500ca72af.jar /home/saul/AndroidApps/appleyes-mobile/app/build/intermediates/pre-dexed/debug/classes-4871a5198c1f942e70f57bc8d4343da39dab8ac5.jar /home/saul/AndroidApps/appleyes-mobile/app/build/intermediates/pre-dexed/debug/classes-2e7719d89cd4e6228b6dea953681a834bcfb344b.jar /home/saul/AndroidApps/appleyes-mobile/app/build/intermediates/pre-dexed/debug/greendao-1.3.7-475080cdd74ae56963b39323ff6e327c199a706f.jar /home/saul/AndroidApps/appleyes-mobile/app/build/intermediates/pre-dexed/debug/classes-d4d4c669b247cacf86d169c607b1e840add61d91.jar /home/saul/AndroidApps/appleyes-mobi
java_class_path (initial): /home/saul/Android/Sdk/build-tools/21.1.2/lib/dx.jar
Launcher Type: SUN_STANDARD

Environment Variables:
JAVA_HOME=/usr/lib/jvm/java-8-oracle/
PATH=/home/saul/.rvm/gems/ruby-2.2.1/bin:/home/saul/.rvm/gems/ruby-2.2.1@global/bin:/home/saul/.rvm/rubies/ruby-2.2.1/bin:/usr/local/sbin:/usr/local/bin:/usr/sbin:/usr/bin:/sbin:/bin:/usr/games:/usr/local/games:/opt/scala/bin:/home/saul/.rvm/bin
LD_LIBRARY_PATH=/opt/android-studio/bin:
SHELL=/bin/bash
DISPLAY=:0

Signal Handlers:
SIGSEGV: [libjvm.so+0xa7a650], sa_mask[0]=11111111011111111101111111111110, sa_flags=SA_RESTART|SA_SIGINFO
SIGBUS: [libjvm.so+0xa7a650], sa_mask[0]=11111111011111111101111111111110, sa_flags=SA_RESTART|SA_SIGINFO
SIGFPE: [libjvm.so+0x8e28f0], sa_mask[0]=11111111011111111101111111111110, sa_flags=SA_RESTART|SA_SIGINFO
SIGPIPE: [libjvm.so+0x8e28f0], sa_mask[0]=11111111011111111101111111111110, sa_flags=SA_RESTART|SA_SIGINFO
SIGXFSZ: [libjvm.so+0x8e28f0], sa_mask[0]=11111111011111111101111111111110, sa_flags=SA_RESTART|SA_SIGINFO
SIGILL: [libjvm.so+0x8e28f0], sa_mask[0]=11111111011111111101111111111110, sa_flags=SA_RESTART|SA_SIGINFO
SIGUSR1: SIG_DFL, sa_mask[0]=00000000000000000000000000000000, sa_flags=none
SIGUSR2: [libjvm.so+0x8e4120], sa_mask[0]=00100000000000000000000000000000, sa_flags=SA_RESTART|SA_SIGINFO
SIGHUP: [libjvm.so+0x8e54e0], sa_mask[0]=11111111011111111101111111111110, sa_flags=SA_RESTART|SA_SIGINFO
SIGINT: [libjvm.so+0x8e54e0], sa_mask[0]=11111111011111111101111111111110, sa_flags=SA_RESTART|SA_SIGINFO
SIGTERM: [libjvm.so+0x8e54e0], sa_mask[0]=11111111011111111101111111111110, sa_flags=SA_RESTART|SA_SIGINFO
SIGQUIT: [libjvm.so+0x8e54e0], sa_mask[0]=11111111011111111101111111111110, sa_flags=SA_RESTART|SA_SIGINFO


---------------  S Y S T E M  ---------------

OS:DISTRIB_ID=Ubuntu
DISTRIB_RELEASE=14.04
DISTRIB_CODENAME=trusty
DISTRIB_DESCRIPTION="Ubuntu 14.04.2 LTS"

uname:Linux 3.13.0-52-generic #86-Ubuntu SMP Mon May 4 04:32:59 UTC 2015 x86_64
libc:glibc 2.19 NPTL 2.19 
rlimit: STACK 8192k, CORE 0k, NPROC 31021, NOFILE 4096, AS infinity
load average:1.65 1.65 1.81

/proc/meminfo:
MemTotal:        3992324 kB
MemFree:           98544 kB
Buffers:            1284 kB
Cached:            38716 kB
SwapCached:        34820 kB
Active:          2736896 kB
Inactive:         984324 kB
Active(anon):    2722944 kB
Inactive(anon):   974792 kB
Active(file):      13952 kB
Inactive(file):     9532 kB
Unevictable:          32 kB
Mlocked:              32 kB
SwapTotal:       1044476 kB
SwapFree:              0 kB
Dirty:               788 kB
Writeback:             0 kB
AnonPages:       3646600 kB
Mapped:            30636 kB
Shmem:             16340 kB
Slab:              63628 kB
SReclaimable:      27268 kB
SUnreclaim:        36360 kB
KernelStack:        5784 kB
PageTables:        36044 kB
NFS_Unstable:          0 kB
Bounce:                0 kB
WritebackTmp:          0 kB
CommitLimit:     3040636 kB
Committed_AS:    8935872 kB
VmallocTotal:   34359738367 kB
VmallocUsed:      171792 kB
VmallocChunk:   34359520672 kB
HardwareCorrupted:     0 kB
AnonHugePages:   2164736 kB
HugePages_Total:       0
HugePages_Free:        0
HugePages_Rsvd:        0
HugePages_Surp:        0
Hugepagesize:       2048 kB
DirectMap4k:       63360 kB
DirectMap2M:     3033088 kB
DirectMap1G:     1048576 kB


CPU:total 2 (1 cores per cpu, 1 threads per core) family 6 model 69 stepping 1, cmov, cx8, fxsr, mmx, sse, sse2, sse3, ssse3, sse4.1, sse4.2, popcnt, avx, aes, clmul, erms, tsc, tscinvbit

/proc/cpuinfo:
processor	: 0
vendor_id	: GenuineIntel
cpu family	: 6
model		: 69
model name	: Intel(R) Core(TM) i5-4288U CPU @ 2.60GHz
stepping	: 1
microcode	: 0x17
cpu MHz		: 2600.261
cache size	: 3072 KB
physical id	: 0
siblings	: 1
core id		: 0
cpu cores	: 1
apicid		: 0
initial apicid	: 0
fpu		: yes
fpu_exception	: yes
cpuid level	: 13
wp		: yes
flags		: fpu vme de pse tsc msr pae mce cx8 apic sep mtrr pge mca cmov pat pse36 clflush dts mmx fxsr sse sse2 ss syscall nx pdpe1gb rdtscp lm constant_tsc arch_perfmon pebs bts nopl xtopology tsc_reliable nonstop_tsc aperfmperf pni pclmulqdq vmx ssse3 fma cx16 pcid sse4_1 sse4_2 x2apic movbe popcnt aes xsave avx f16c rdrand hypervisor lahf_lm ida arat epb pln pts dtherm tpr_shadow vnmi ept vpid fsgsbase smep
bogomips	: 5200.52
clflush size	: 64
cache_alignment	: 64
address sizes	: 40 bits physical, 48 bits virtual
power management:

processor	: 1
vendor_id	: GenuineIntel
cpu family	: 6
model		: 69
model name	: Intel(R) Core(TM) i5-4288U CPU @ 2.60GHz
stepping	: 1
microcode	: 0x17
cpu MHz		: 2600.261
cache size	: 3072 KB
physical id	: 2
siblings	: 1
core id		: 0
cpu cores	: 1
apicid		: 2
initial apicid	: 2
fpu		: yes
fpu_exception	: yes
cpuid level	: 13
wp		: yes
flags		: fpu vme de pse tsc msr pae mce cx8 apic sep mtrr pge mca cmov pat pse36 clflush dts mmx fxsr sse sse2 ss syscall nx pdpe1gb rdtscp lm constant_tsc arch_perfmon pebs bts nopl xtopology tsc_reliable nonstop_tsc aperfmperf pni pclmulqdq vmx ssse3 fma cx16 pcid sse4_1 sse4_2 x2apic movbe popcnt aes xsave avx f16c rdrand hypervisor lahf_lm ida arat epb pln pts dtherm tpr_shadow vnmi ept vpid fsgsbase smep
bogomips	: 5200.52
clflush size	: 64
cache_alignment	: 64
address sizes	: 40 bits physical, 48 bits virtual
power management:



Memory: 4k page, physical 3992324k(98544k free), swap 1044476k(0k free)

vm_info: Java HotSpot(TM) 64-Bit Server VM (25.31-b07) for linux-amd64 JRE (1.8.0_31-b13), built on Dec 17 2014 20:40:15 by "java_re" with gcc 4.3.0 20080428 (Red Hat 4.3.0-8)

time: Thu Sep 24 19:21:31 2015
elapsed time: 5 seconds (0d 0h 0m 5s)

